<?xml version="1.0" encoding="UTF-8"?>
<!-- Generated by org.testng.reporters.JUnitReportReporter -->
<testsuite skipped="4" hostname="DESKTOP-KQS99BN" name="integrationTests.cucumber.Runner" tests="258" failures="1" timestamp="27 Jun 2018 15:07:25 GMT" time="4639.718" errors="0">
  <testcase name="scenario" time="35.615" classname="integrationTests.cucumber.Runner"/>
  <testcase name="scenario" time="14.526" classname="integrationTests.cucumber.Runner"/>
  <testcase name="scenario" time="12.974" classname="integrationTests.cucumber.Runner"/>
  <testcase name="scenario" time="26.984" classname="integrationTests.cucumber.Runner"/>
  <testcase name="scenario" time="21.772" classname="integrationTests.cucumber.Runner"/>
  <testcase name="scenario" time="8.051" classname="integrationTests.cucumber.Runner"/>
  <testcase name="scenario" time="3.937" classname="integrationTests.cucumber.Runner"/>
  <testcase name="scenario" time="7.876" classname="integrationTests.cucumber.Runner"/>
  <testcase name="scenario" time="5.308" classname="integrationTests.cucumber.Runner"/>
  <testcase name="scenario" time="5.781" classname="integrationTests.cucumber.Runner"/>
  <testcase name="scenario" time="8.170" classname="integrationTests.cucumber.Runner"/>
  <testcase name="scenario" time="15.309" classname="integrationTests.cucumber.Runner"/>
  <testcase name="scenario" time="9.117" classname="integrationTests.cucumber.Runner"/>
  <testcase name="scenario" time="14.140" classname="integrationTests.cucumber.Runner"/>
  <testcase name="scenario" time="24.089" classname="integrationTests.cucumber.Runner"/>
  <testcase name="scenario" time="24.303" classname="integrationTests.cucumber.Runner"/>
  <testcase name="scenario" time="8.129" classname="integrationTests.cucumber.Runner"/>
  <testcase name="scenario" time="14.371" classname="integrationTests.cucumber.Runner"/>
  <testcase name="scenario" time="13.816" classname="integrationTests.cucumber.Runner"/>
  <testcase name="scenario" time="10.108" classname="integrationTests.cucumber.Runner"/>
  <testcase name="scenario" time="7.185" classname="integrationTests.cucumber.Runner"/>
  <testcase name="scenario" time="20.123" classname="integrationTests.cucumber.Runner"/>
  <testcase name="scenario" time="8.145" classname="integrationTests.cucumber.Runner"/>
  <testcase name="scenario" time="24.011" classname="integrationTests.cucumber.Runner"/>
  <testcase name="scenario" time="13.709" classname="integrationTests.cucumber.Runner"/>
  <testcase name="scenario" time="9.797" classname="integrationTests.cucumber.Runner"/>
  <testcase name="scenario" time="20.080" classname="integrationTests.cucumber.Runner"/>
  <testcase name="scenario" time="16.751" classname="integrationTests.cucumber.Runner"/>
  <testcase name="scenario" time="12.625" classname="integrationTests.cucumber.Runner"/>
  <testcase name="scenario" time="33.325" classname="integrationTests.cucumber.Runner"/>
  <testcase name="scenario" time="19.768" classname="integrationTests.cucumber.Runner"/>
  <testcase name="scenario" time="18.959" classname="integrationTests.cucumber.Runner"/>
  <testcase name="scenario" time="19.336" classname="integrationTests.cucumber.Runner"/>
  <testcase name="scenario" time="28.172" classname="integrationTests.cucumber.Runner"/>
  <testcase name="scenario" time="9.690" classname="integrationTests.cucumber.Runner"/>
  <testcase name="scenario" time="8.072" classname="integrationTests.cucumber.Runner"/>
  <testcase name="scenario" time="15.826" classname="integrationTests.cucumber.Runner"/>
  <testcase name="scenario" time="64.955" classname="integrationTests.cucumber.Runner"/>
  <testcase name="scenario" time="6.563" classname="integrationTests.cucumber.Runner"/>
  <testcase name="scenario" time="20.296" classname="integrationTests.cucumber.Runner"/>
  <testcase name="scenario" time="28.601" classname="integrationTests.cucumber.Runner"/>
  <testcase name="scenario" time="21.041" classname="integrationTests.cucumber.Runner"/>
  <testcase name="scenario" time="7.098" classname="integrationTests.cucumber.Runner"/>
  <testcase name="scenario" time="6.686" classname="integrationTests.cucumber.Runner"/>
  <testcase name="scenario" time="24.920" classname="integrationTests.cucumber.Runner"/>
  <testcase name="scenario" time="8.217" classname="integrationTests.cucumber.Runner"/>
  <testcase name="scenario" time="14.617" classname="integrationTests.cucumber.Runner"/>
  <testcase name="scenario" time="92.889" classname="integrationTests.cucumber.Runner"/>
  <testcase name="scenario" time="15.049" classname="integrationTests.cucumber.Runner"/>
  <testcase name="scenario" time="17.799" classname="integrationTests.cucumber.Runner"/>
  <testcase name="scenario" time="19.393" classname="integrationTests.cucumber.Runner"/>
  <testcase name="scenario" time="13.299" classname="integrationTests.cucumber.Runner"/>
  <testcase name="scenario" time="29.725" classname="integrationTests.cucumber.Runner"/>
  <testcase name="scenario" time="6.579" classname="integrationTests.cucumber.Runner"/>
  <testcase name="scenario" time="54.668" classname="integrationTests.cucumber.Runner"/>
  <testcase name="scenario" time="15.940" classname="integrationTests.cucumber.Runner"/>
  <testcase name="scenario" time="13.230" classname="integrationTests.cucumber.Runner"/>
  <testcase name="scenario" time="13.283" classname="integrationTests.cucumber.Runner"/>
  <testcase name="scenario" time="7.988" classname="integrationTests.cucumber.Runner"/>
  <testcase name="scenario" time="61.406" classname="integrationTests.cucumber.Runner"/>
  <testcase name="scenario" time="64.421" classname="integrationTests.cucumber.Runner"/>
  <testcase name="scenario" time="9.604" classname="integrationTests.cucumber.Runner"/>
  <testcase name="scenario" time="22.909" classname="integrationTests.cucumber.Runner"/>
  <testcase name="scenario" time="7.745" classname="integrationTests.cucumber.Runner"/>
  <testcase name="scenario" time="18.046" classname="integrationTests.cucumber.Runner"/>
  <testcase name="scenario" time="27.361" classname="integrationTests.cucumber.Runner"/>
  <testcase name="scenario" time="10.070" classname="integrationTests.cucumber.Runner"/>
  <testcase name="scenario" time="8.705" classname="integrationTests.cucumber.Runner"/>
  <testcase name="scenario" time="10.579" classname="integrationTests.cucumber.Runner"/>
  <testcase name="scenario" time="32.856" classname="integrationTests.cucumber.Runner"/>
  <testcase name="scenario" time="21.299" classname="integrationTests.cucumber.Runner"/>
  <testcase name="scenario" time="31.950" classname="integrationTests.cucumber.Runner"/>
  <testcase name="scenario" time="23.403" classname="integrationTests.cucumber.Runner"/>
  <testcase name="scenario" time="24.069" classname="integrationTests.cucumber.Runner"/>
  <testcase name="scenario" time="8.496" classname="integrationTests.cucumber.Runner"/>
  <testcase name="scenario" time="21.023" classname="integrationTests.cucumber.Runner"/>
  <testcase name="scenario" time="20.892" classname="integrationTests.cucumber.Runner"/>
  <testcase name="scenario" time="10.787" classname="integrationTests.cucumber.Runner"/>
  <testcase name="scenario" time="14.406" classname="integrationTests.cucumber.Runner"/>
  <testcase name="scenario" time="21.939" classname="integrationTests.cucumber.Runner"/>
  <testcase name="scenario" time="10.130" classname="integrationTests.cucumber.Runner"/>
  <testcase name="scenario" time="24.446" classname="integrationTests.cucumber.Runner"/>
  <testcase name="scenario" time="7.905" classname="integrationTests.cucumber.Runner"/>
  <testcase name="scenario" time="16.256" classname="integrationTests.cucumber.Runner"/>
  <testcase name="scenario" time="19.878" classname="integrationTests.cucumber.Runner"/>
  <testcase name="scenario" time="10.709" classname="integrationTests.cucumber.Runner"/>
  <testcase name="scenario" time="7.648" classname="integrationTests.cucumber.Runner"/>
  <testcase name="scenario" time="7.710" classname="integrationTests.cucumber.Runner"/>
  <testcase name="scenario" time="7.442" classname="integrationTests.cucumber.Runner"/>
  <testcase name="scenario" time="22.845" classname="integrationTests.cucumber.Runner"/>
  <testcase name="scenario" time="6.672" classname="integrationTests.cucumber.Runner"/>
  <testcase name="scenario" time="32.077" classname="integrationTests.cucumber.Runner"/>
  <testcase name="scenario" time="5.294" classname="integrationTests.cucumber.Runner"/>
  <testcase name="scenario" time="6.379" classname="integrationTests.cucumber.Runner"/>
  <testcase name="scenario" time="88.756" classname="integrationTests.cucumber.Runner"/>
  <testcase name="scenario" time="34.219" classname="integrationTests.cucumber.Runner"/>
  <testcase name="scenario" time="6.561" classname="integrationTests.cucumber.Runner"/>
  <testcase name="scenario" time="6.958" classname="integrationTests.cucumber.Runner"/>
  <testcase name="scenario" time="6.630" classname="integrationTests.cucumber.Runner"/>
  <testcase name="scenario" time="13.492" classname="integrationTests.cucumber.Runner"/>
  <testcase name="scenario" time="8.825" classname="integrationTests.cucumber.Runner"/>
  <testcase name="scenario" time="19.894" classname="integrationTests.cucumber.Runner"/>
  <testcase name="scenario" time="24.755" classname="integrationTests.cucumber.Runner"/>
  <testcase name="scenario" time="23.952" classname="integrationTests.cucumber.Runner"/>
  <testcase name="scenario" time="6.344" classname="integrationTests.cucumber.Runner"/>
  <testcase name="scenario" time="21.078" classname="integrationTests.cucumber.Runner"/>
  <testcase name="scenario" time="3.636" classname="integrationTests.cucumber.Runner"/>
  <testcase name="scenario" time="17.197" classname="integrationTests.cucumber.Runner"/>
  <testcase name="scenario" time="12.323" classname="integrationTests.cucumber.Runner"/>
  <testcase name="scenario" time="17.329" classname="integrationTests.cucumber.Runner"/>
  <testcase name="scenario" time="5.497" classname="integrationTests.cucumber.Runner"/>
  <testcase name="scenario" time="12.097" classname="integrationTests.cucumber.Runner"/>
  <testcase name="scenario" time="15.799" classname="integrationTests.cucumber.Runner"/>
  <testcase name="scenario" time="7.317" classname="integrationTests.cucumber.Runner"/>
  <testcase name="scenario" time="8.535" classname="integrationTests.cucumber.Runner"/>
  <testcase name="scenario" time="6.298" classname="integrationTests.cucumber.Runner"/>
  <testcase name="scenario" time="28.267" classname="integrationTests.cucumber.Runner"/>
  <testcase name="scenario" time="23.535" classname="integrationTests.cucumber.Runner"/>
  <testcase name="scenario" time="7.851" classname="integrationTests.cucumber.Runner"/>
  <testcase name="scenario" time="11.579" classname="integrationTests.cucumber.Runner"/>
  <testcase name="scenario" time="8.765" classname="integrationTests.cucumber.Runner"/>
  <testcase name="scenario" time="17.859" classname="integrationTests.cucumber.Runner"/>
  <testcase name="scenario" time="14.507" classname="integrationTests.cucumber.Runner"/>
  <testcase name="scenario" time="13.294" classname="integrationTests.cucumber.Runner"/>
  <testcase name="scenario" time="18.664" classname="integrationTests.cucumber.Runner"/>
  <testcase name="scenario" time="24.518" classname="integrationTests.cucumber.Runner"/>
  <testcase name="scenario" time="4.172" classname="integrationTests.cucumber.Runner"/>
  <testcase name="scenario" time="18.865" classname="integrationTests.cucumber.Runner"/>
  <testcase name="scenario" time="13.508" classname="integrationTests.cucumber.Runner"/>
  <testcase name="scenario" time="12.660" classname="integrationTests.cucumber.Runner"/>
  <testcase name="scenario" time="130.190" classname="integrationTests.cucumber.Runner">
    <failure type="java.lang.AssertionError" message="expected [1] but found [2]">
      <![CDATA[java.lang.AssertionError: expected [1] but found [2]
	at org.testng.Assert.fail(Assert.java:93)
	at org.testng.Assert.failNotEquals(Assert.java:512)
	at org.testng.Assert.assertEqualsImpl(Assert.java:134)
	at org.testng.Assert.assertEquals(Assert.java:115)
	at org.testng.Assert.assertEquals(Assert.java:388)
	at org.testng.Assert.assertEquals(Assert.java:398)
	at integrationTests.selenium.step_definitions.Basket_feature.basket_with_products_and_quantity_is_shown(Basket_feature.java:83)
	at âœ½.basket with 1 products and 2 quantity is shown(src/test/resources/Features/TestSuite_basket.feature:69)
]]>
    </failure>
  </testcase> <!-- scenario -->
  <testcase name="scenario" time="14.535" classname="integrationTests.cucumber.Runner"/>
  <testcase name="scenario" time="19.500" classname="integrationTests.cucumber.Runner"/>
  <testcase name="scenario" time="8.787" classname="integrationTests.cucumber.Runner"/>
  <testcase name="scenario" time="30.862" classname="integrationTests.cucumber.Runner"/>
  <testcase name="scenario" time="40.018" classname="integrationTests.cucumber.Runner"/>
  <testcase name="scenario" time="4.584" classname="integrationTests.cucumber.Runner"/>
  <testcase name="scenario" time="15.088" classname="integrationTests.cucumber.Runner"/>
  <testcase name="scenario" time="6.880" classname="integrationTests.cucumber.Runner"/>
  <testcase name="scenario" time="28.175" classname="integrationTests.cucumber.Runner"/>
  <testcase name="scenario" time="8.490" classname="integrationTests.cucumber.Runner"/>
  <testcase name="scenario" time="8.375" classname="integrationTests.cucumber.Runner"/>
  <testcase name="scenario" time="10.060" classname="integrationTests.cucumber.Runner"/>
  <testcase name="scenario" time="28.455" classname="integrationTests.cucumber.Runner"/>
  <testcase name="scenario" time="189.971" classname="integrationTests.cucumber.Runner">
    <skipped/>
  </testcase> <!-- scenario -->
  <testcase name="scenario" time="21.985" classname="integrationTests.cucumber.Runner"/>
  <testcase name="scenario" time="8.312" classname="integrationTests.cucumber.Runner"/>
  <testcase name="scenario" time="27.138" classname="integrationTests.cucumber.Runner"/>
  <testcase name="scenario" time="6.994" classname="integrationTests.cucumber.Runner"/>
  <testcase name="scenario" time="16.130" classname="integrationTests.cucumber.Runner"/>
  <testcase name="scenario" time="21.552" classname="integrationTests.cucumber.Runner"/>
  <testcase name="scenario" time="6.390" classname="integrationTests.cucumber.Runner"/>
  <testcase name="scenario" time="14.120" classname="integrationTests.cucumber.Runner"/>
  <testcase name="scenario" time="15.773" classname="integrationTests.cucumber.Runner"/>
  <testcase name="scenario" time="29.426" classname="integrationTests.cucumber.Runner"/>
  <testcase name="scenario" time="12.563" classname="integrationTests.cucumber.Runner"/>
  <testcase name="scenario" time="9.083" classname="integrationTests.cucumber.Runner"/>
  <testcase name="scenario" time="61.580" classname="integrationTests.cucumber.Runner"/>
  <testcase name="scenario" time="21.679" classname="integrationTests.cucumber.Runner"/>
  <testcase name="scenario" time="10.056" classname="integrationTests.cucumber.Runner"/>
  <testcase name="scenario" time="13.659" classname="integrationTests.cucumber.Runner"/>
  <testcase name="scenario" time="13.487" classname="integrationTests.cucumber.Runner"/>
  <testcase name="scenario" time="15.388" classname="integrationTests.cucumber.Runner"/>
  <testcase name="scenario" time="12.541" classname="integrationTests.cucumber.Runner"/>
  <testcase name="scenario" time="7.034" classname="integrationTests.cucumber.Runner"/>
  <testcase name="scenario" time="22.980" classname="integrationTests.cucumber.Runner"/>
  <testcase name="scenario" time="12.263" classname="integrationTests.cucumber.Runner"/>
  <testcase name="scenario" time="18.055" classname="integrationTests.cucumber.Runner"/>
  <testcase name="scenario" time="10.690" classname="integrationTests.cucumber.Runner"/>
  <testcase name="scenario" time="14.936" classname="integrationTests.cucumber.Runner"/>
  <testcase name="scenario" time="30.076" classname="integrationTests.cucumber.Runner"/>
  <testcase name="scenario" time="9.240" classname="integrationTests.cucumber.Runner"/>
  <testcase name="scenario" time="9.515" classname="integrationTests.cucumber.Runner"/>
  <testcase name="scenario" time="8.368" classname="integrationTests.cucumber.Runner"/>
  <testcase name="scenario" time="14.145" classname="integrationTests.cucumber.Runner"/>
  <testcase name="scenario" time="6.334" classname="integrationTests.cucumber.Runner"/>
  <testcase name="scenario" time="16.715" classname="integrationTests.cucumber.Runner"/>
  <testcase name="scenario" time="19.957" classname="integrationTests.cucumber.Runner"/>
  <testcase name="scenario" time="9.526" classname="integrationTests.cucumber.Runner"/>
  <testcase name="scenario" time="8.387" classname="integrationTests.cucumber.Runner"/>
  <testcase name="scenario" time="13.503" classname="integrationTests.cucumber.Runner"/>
  <testcase name="scenario" time="14.453" classname="integrationTests.cucumber.Runner"/>
  <testcase name="scenario" time="11.725" classname="integrationTests.cucumber.Runner"/>
  <testcase name="scenario" time="8.768" classname="integrationTests.cucumber.Runner"/>
  <testcase name="scenario" time="12.849" classname="integrationTests.cucumber.Runner">
    <skipped/>
  </testcase> <!-- scenario -->
  <testcase name="scenario" time="27.604" classname="integrationTests.cucumber.Runner"/>
  <testcase name="scenario" time="7.017" classname="integrationTests.cucumber.Runner"/>
  <testcase name="scenario" time="11.346" classname="integrationTests.cucumber.Runner"/>
  <testcase name="scenario" time="6.126" classname="integrationTests.cucumber.Runner"/>
  <testcase name="scenario" time="22.909" classname="integrationTests.cucumber.Runner"/>
  <testcase name="scenario" time="18.496" classname="integrationTests.cucumber.Runner"/>
  <testcase name="scenario" time="25.346" classname="integrationTests.cucumber.Runner"/>
  <testcase name="scenario" time="24.373" classname="integrationTests.cucumber.Runner"/>
  <testcase name="scenario" time="14.244" classname="integrationTests.cucumber.Runner"/>
  <testcase name="scenario" time="20.161" classname="integrationTests.cucumber.Runner"/>
  <testcase name="scenario" time="8.930" classname="integrationTests.cucumber.Runner"/>
  <testcase name="scenario" time="15.733" classname="integrationTests.cucumber.Runner"/>
  <testcase name="scenario" time="23.779" classname="integrationTests.cucumber.Runner"/>
  <testcase name="scenario" time="30.762" classname="integrationTests.cucumber.Runner"/>
  <testcase name="scenario" time="16.800" classname="integrationTests.cucumber.Runner"/>
  <testcase name="scenario" time="15.435" classname="integrationTests.cucumber.Runner"/>
  <testcase name="scenario" time="8.177" classname="integrationTests.cucumber.Runner"/>
  <testcase name="scenario" time="13.111" classname="integrationTests.cucumber.Runner"/>
  <testcase name="scenario" time="12.470" classname="integrationTests.cucumber.Runner"/>
  <testcase name="scenario" time="20.809" classname="integrationTests.cucumber.Runner"/>
  <testcase name="scenario" time="15.172" classname="integrationTests.cucumber.Runner"/>
  <testcase name="scenario" time="9.040" classname="integrationTests.cucumber.Runner"/>
  <testcase name="scenario" time="7.736" classname="integrationTests.cucumber.Runner"/>
  <testcase name="scenario" time="11.056" classname="integrationTests.cucumber.Runner"/>
  <testcase name="scenario" time="8.444" classname="integrationTests.cucumber.Runner"/>
  <testcase name="scenario" time="9.642" classname="integrationTests.cucumber.Runner"/>
  <testcase name="scenario" time="21.893" classname="integrationTests.cucumber.Runner"/>
  <testcase name="scenario" time="16.678" classname="integrationTests.cucumber.Runner"/>
  <testcase name="scenario" time="6.274" classname="integrationTests.cucumber.Runner"/>
  <testcase name="scenario" time="26.191" classname="integrationTests.cucumber.Runner"/>
  <testcase name="scenario" time="10.293" classname="integrationTests.cucumber.Runner"/>
  <testcase name="scenario" time="6.884" classname="integrationTests.cucumber.Runner"/>
  <testcase name="scenario" time="20.218" classname="integrationTests.cucumber.Runner"/>
  <testcase name="scenario" time="16.385" classname="integrationTests.cucumber.Runner"/>
  <testcase name="scenario" time="23.152" classname="integrationTests.cucumber.Runner"/>
  <testcase name="scenario" time="15.113" classname="integrationTests.cucumber.Runner"/>
  <testcase name="scenario" time="15.198" classname="integrationTests.cucumber.Runner">
    <skipped/>
  </testcase> <!-- scenario -->
  <testcase name="scenario" time="13.513" classname="integrationTests.cucumber.Runner"/>
  <testcase name="scenario" time="7.602" classname="integrationTests.cucumber.Runner"/>
  <testcase name="scenario" time="8.266" classname="integrationTests.cucumber.Runner"/>
  <testcase name="scenario" time="15.851" classname="integrationTests.cucumber.Runner"/>
  <testcase name="scenario" time="23.692" classname="integrationTests.cucumber.Runner"/>
  <testcase name="scenario" time="17.944" classname="integrationTests.cucumber.Runner"/>
  <testcase name="scenario" time="6.283" classname="integrationTests.cucumber.Runner"/>
  <testcase name="scenario" time="15.562" classname="integrationTests.cucumber.Runner"/>
  <testcase name="scenario" time="21.570" classname="integrationTests.cucumber.Runner"/>
  <testcase name="scenario" time="7.714" classname="integrationTests.cucumber.Runner"/>
  <testcase name="scenario" time="17.811" classname="integrationTests.cucumber.Runner"/>
  <testcase name="scenario" time="19.228" classname="integrationTests.cucumber.Runner"/>
  <testcase name="scenario" time="27.792" classname="integrationTests.cucumber.Runner"/>
  <testcase name="scenario" time="8.430" classname="integrationTests.cucumber.Runner"/>
  <testcase name="scenario" time="7.658" classname="integrationTests.cucumber.Runner"/>
  <testcase name="scenario" time="20.544" classname="integrationTests.cucumber.Runner"/>
  <testcase name="scenario" time="25.148" classname="integrationTests.cucumber.Runner"/>
  <testcase name="scenario" time="18.233" classname="integrationTests.cucumber.Runner"/>
  <testcase name="scenario" time="9.256" classname="integrationTests.cucumber.Runner"/>
  <testcase name="scenario" time="13.896" classname="integrationTests.cucumber.Runner"/>
  <testcase name="scenario" time="6.754" classname="integrationTests.cucumber.Runner"/>
  <testcase name="scenario" time="7.825" classname="integrationTests.cucumber.Runner"/>
  <testcase name="scenario" time="8.806" classname="integrationTests.cucumber.Runner"/>
  <testcase name="scenario" time="84.562" classname="integrationTests.cucumber.Runner"/>
  <testcase name="scenario" time="8.231" classname="integrationTests.cucumber.Runner"/>
  <testcase name="scenario" time="15.910" classname="integrationTests.cucumber.Runner"/>
  <testcase name="scenario" time="8.767" classname="integrationTests.cucumber.Runner"/>
  <testcase name="scenario" time="13.325" classname="integrationTests.cucumber.Runner">
    <skipped/>
  </testcase> <!-- scenario -->
  <testcase name="scenario" time="15.863" classname="integrationTests.cucumber.Runner"/>
  <testcase name="scenario" time="19.437" classname="integrationTests.cucumber.Runner"/>
  <testcase name="scenario" time="10.794" classname="integrationTests.cucumber.Runner"/>
  <testcase name="scenario" time="9.326" classname="integrationTests.cucumber.Runner"/>
  <testcase name="scenario" time="22.749" classname="integrationTests.cucumber.Runner"/>
  <testcase name="scenario" time="10.322" classname="integrationTests.cucumber.Runner"/>
  <testcase name="scenario" time="11.868" classname="integrationTests.cucumber.Runner"/>
  <testcase name="scenario" time="19.165" classname="integrationTests.cucumber.Runner"/>
</testsuite> <!-- integrationTests.cucumber.Runner -->
