<?xml version="1.0" encoding="UTF-8"?>
<testsuite xmlns:xsi="http://www.w3.org/2001/XMLSchema-instance" xsi:noNamespaceSchemaLocation="https://maven.apache.org/surefire/maven-failsafe-plugin/xsd/failsafe-test-report.xsd" name="TestSuite" time="1,734.635" tests="258" errors="0" skipped="4" failures="1">
  <properties>
[...]
</properties>
  <testcase name="scenario" classname="integrationTests.cucumber.Runner" time="4.586"/>
  <testcase name="scenario" classname="integrationTests.cucumber.Runner" time="8.765"/>
  <testcase name="scenario" classname="integrationTests.cucumber.Runner" time="2.276"/>
  <testcase name="scenario" classname="integrationTests.cucumber.Runner" time="10.569"/>
  <testcase name="scenario" classname="integrationTests.cucumber.Runner" time="11.245"/>
  <testcase name="scenario" classname="integrationTests.cucumber.Runner" time="1.965"/>
  <testcase name="scenario" classname="integrationTests.cucumber.Runner" time="6.227"/>
  <testcase name="scenario" classname="integrationTests.cucumber.Runner" time="6.315"/>
  <testcase name="scenario" classname="integrationTests.cucumber.Runner" time="7.228"/>
  <testcase name="scenario" classname="integrationTests.cucumber.Runner" time="6.581"/>
  <testcase name="scenario" classname="integrationTests.cucumber.Runner" time="6.07"/>
  <testcase name="scenario" classname="integrationTests.cucumber.Runner" time="6.684"/>
  <testcase name="scenario" classname="integrationTests.cucumber.Runner" time="8.269"/>
  <testcase name="scenario" classname="integrationTests.cucumber.Runner" time="6.617"/>
  <testcase name="scenario" classname="integrationTests.cucumber.Runner" time="5.275"/>
  <testcase name="scenario" classname="integrationTests.cucumber.Runner" time="6.604"/>
  <testcase name="scenario" classname="integrationTests.cucumber.Runner" time="8.015"/>
  <testcase name="scenario" classname="integrationTests.cucumber.Runner" time="3.18"/>
  <testcase name="scenario" classname="integrationTests.cucumber.Runner" time="8.198"/>
  <testcase name="scenario" classname="integrationTests.cucumber.Runner" time="5.338"/>
  <testcase name="scenario" classname="integrationTests.cucumber.Runner" time="5.128"/>
  <testcase name="scenario" classname="integrationTests.cucumber.Runner" time="7.478"/>
  <testcase name="scenario" classname="integrationTests.cucumber.Runner" time="5.253"/>
  <testcase name="scenario" classname="integrationTests.cucumber.Runner" time="6.77"/>
  <testcase name="scenario" classname="integrationTests.cucumber.Runner" time="4.728"/>
  <testcase name="scenario" classname="integrationTests.cucumber.Runner" time="5.699"/>
  <testcase name="scenario" classname="integrationTests.cucumber.Runner" time="9.79"/>
  <testcase name="scenario" classname="integrationTests.cucumber.Runner" time="6.497"/>
  <testcase name="scenario" classname="integrationTests.cucumber.Runner" time="8.634"/>
  <testcase name="scenario" classname="integrationTests.cucumber.Runner" time="10.017"/>
  <testcase name="scenario" classname="integrationTests.cucumber.Runner" time="3.029"/>
  <testcase name="scenario" classname="integrationTests.cucumber.Runner" time="10.905"/>
  <testcase name="scenario" classname="integrationTests.cucumber.Runner" time="10.135"/>
  <testcase name="scenario" classname="integrationTests.cucumber.Runner" time="1.708"/>
  <testcase name="scenario" classname="integrationTests.cucumber.Runner" time="15.948"/>
  <testcase name="scenario" classname="integrationTests.cucumber.Runner" time="3.011"/>
  <testcase name="scenario" classname="integrationTests.cucumber.Runner" time="2.868"/>
  <testcase name="scenario" classname="integrationTests.cucumber.Runner" time="13.349"/>
  <testcase name="scenario" classname="integrationTests.cucumber.Runner" time="4.593"/>
  <testcase name="scenario" classname="integrationTests.cucumber.Runner" time="5.462"/>
  <testcase name="scenario" classname="integrationTests.cucumber.Runner" time="11.244"/>
  <testcase name="scenario" classname="integrationTests.cucumber.Runner" time="6.138"/>
  <testcase name="scenario" classname="integrationTests.cucumber.Runner" time="2.913"/>
  <testcase name="scenario" classname="integrationTests.cucumber.Runner" time="12.027"/>
  <testcase name="scenario" classname="integrationTests.cucumber.Runner" time="5.604"/>
  <testcase name="scenario" classname="integrationTests.cucumber.Runner" time="2.449"/>
  <testcase name="scenario" classname="integrationTests.cucumber.Runner" time="8.333"/>
  <testcase name="scenario" classname="integrationTests.cucumber.Runner" time="6.019"/>
  <testcase name="scenario" classname="integrationTests.cucumber.Runner" time="2.977"/>
  <testcase name="scenario" classname="integrationTests.cucumber.Runner" time="6.868"/>
  <testcase name="scenario" classname="integrationTests.cucumber.Runner" time="5.98"/>
  <testcase name="scenario" classname="integrationTests.cucumber.Runner" time="6.318"/>
  <testcase name="scenario" classname="integrationTests.cucumber.Runner" time="2.154"/>
  <testcase name="scenario" classname="integrationTests.cucumber.Runner" time="10.394"/>
  <testcase name="scenario" classname="integrationTests.cucumber.Runner" time="3.184"/>
  <testcase name="scenario" classname="integrationTests.cucumber.Runner" time="0.958"/>
  <testcase name="scenario" classname="integrationTests.cucumber.Runner" time="13.904"/>
  <testcase name="scenario" classname="integrationTests.cucumber.Runner" time="0.526"/>
  <testcase name="scenario" classname="integrationTests.cucumber.Runner" time="3.38"/>
  <testcase name="scenario" classname="integrationTests.cucumber.Runner" time="12.876"/>
  <testcase name="scenario" classname="integrationTests.cucumber.Runner" time="1.272"/>
  <testcase name="scenario" classname="integrationTests.cucumber.Runner" time="0.382"/>
  <testcase name="scenario" classname="integrationTests.cucumber.Runner" time="6.935"/>
  <testcase name="scenario" classname="integrationTests.cucumber.Runner" time="6.567"/>
  <testcase name="scenario" classname="integrationTests.cucumber.Runner" time="4.801"/>
  <testcase name="scenario" classname="integrationTests.cucumber.Runner" time="13.508"/>
  <testcase name="scenario" classname="integrationTests.cucumber.Runner" time="2.484"/>
  <testcase name="scenario" classname="integrationTests.cucumber.Runner" time="3.649"/>
  <testcase name="scenario" classname="integrationTests.cucumber.Runner" time="23.336"/>
  <testcase name="scenario" classname="integrationTests.cucumber.Runner" time="0.675"/>
  <testcase name="scenario" classname="integrationTests.cucumber.Runner" time="1.933"/>
  <testcase name="scenario" classname="integrationTests.cucumber.Runner" time="24.998"/>
  <testcase name="scenario" classname="integrationTests.cucumber.Runner" time="1.337"/>
  <testcase name="scenario" classname="integrationTests.cucumber.Runner" time="1.838"/>
  <testcase name="scenario" classname="integrationTests.cucumber.Runner" time="21.197"/>
  <testcase name="scenario" classname="integrationTests.cucumber.Runner" time="1.719"/>
  <testcase name="scenario" classname="integrationTests.cucumber.Runner" time="5.539"/>
  <testcase name="scenario" classname="integrationTests.cucumber.Runner" time="15.65"/>
  <testcase name="scenario" classname="integrationTests.cucumber.Runner" time="0.75"/>
  <testcase name="scenario" classname="integrationTests.cucumber.Runner" time="6.752"/>
  <testcase name="scenario" classname="integrationTests.cucumber.Runner" time="14.14"/>
  <testcase name="scenario" classname="integrationTests.cucumber.Runner" time="1.338"/>
  <testcase name="scenario" classname="integrationTests.cucumber.Runner" time="9.868"/>
  <testcase name="scenario" classname="integrationTests.cucumber.Runner" time="10.346"/>
  <testcase name="scenario" classname="integrationTests.cucumber.Runner" time="1.558"/>
  <testcase name="scenario" classname="integrationTests.cucumber.Runner" time="0">
    <skipped message="cucumber.api.PendingException: TODO: implement me&#10;	at integrationTests.selenium.page_object_model.POM_productPage.adds_product_to_basket_via_productPage(POM_productPage.java:59)&#10;	at integrationTests.selenium.step_definitions.Basket_feature.adds_product_to_basket(Basket_feature.java:21)&#10;	at ✽.adds product to basket(src/test/resources/Features/TestSuite_basket.feature:14)&#10;"/>
    <system-out><![CDATA[[Skipping next scenerio step/s] This item is not available online to add to basket
]]></system-out>
  </testcase>
  <testcase name="scenario" classname="integrationTests.cucumber.Runner" time="1.323"/>
  <testcase name="scenario" classname="integrationTests.cucumber.Runner" time="0">
    <skipped message="cucumber.api.PendingException: TODO: implement me&#10;	at integrationTests.selenium.page_object_model.POM_productPage.adds_product_to_basket_via_productPage(POM_productPage.java:59)&#10;	at integrationTests.selenium.step_definitions.Basket_feature.adds_product_to_basket(Basket_feature.java:21)&#10;	at ✽.adds product to basket(src/test/resources/Features/TestSuite_basket.feature:14)&#10;"/>
    <system-out><![CDATA[[Skipping next scenerio step/s] This item is not available online to add to basket
]]></system-out>
  </testcase>
  <testcase name="scenario" classname="integrationTests.cucumber.Runner" time="19.31"/>
  <testcase name="scenario" classname="integrationTests.cucumber.Runner" time="4.959"/>
  <testcase name="scenario" classname="integrationTests.cucumber.Runner" time="4.332"/>
  <testcase name="scenario" classname="integrationTests.cucumber.Runner" time="0">
    <skipped message="cucumber.api.PendingException: TODO: implement me&#10;	at integrationTests.selenium.page_object_model.POM_productPage.adds_product_to_basket_via_productPage(POM_productPage.java:59)&#10;	at integrationTests.selenium.step_definitions.Basket_feature.adds_product_to_basket(Basket_feature.java:21)&#10;	at ✽.adds product to basket(src/test/resources/Features/TestSuite_basket.feature:14)&#10;"/>
    <system-out><![CDATA[[Skipping next scenerio step/s] This item is not available online to add to basket
]]></system-out>
  </testcase>
  <testcase name="scenario" classname="integrationTests.cucumber.Runner" time="25.854"/>
  <testcase name="scenario" classname="integrationTests.cucumber.Runner" time="0.189"/>
  <testcase name="scenario" classname="integrationTests.cucumber.Runner" time="9.573"/>
  <testcase name="scenario" classname="integrationTests.cucumber.Runner" time="17.565"/>
  <testcase name="scenario" classname="integrationTests.cucumber.Runner" time="5.999"/>
  <testcase name="scenario" classname="integrationTests.cucumber.Runner" time="16.455"/>
  <testcase name="scenario" classname="integrationTests.cucumber.Runner" time="1.85"/>
  <testcase name="scenario" classname="integrationTests.cucumber.Runner" time="12.557"/>
  <testcase name="scenario" classname="integrationTests.cucumber.Runner" time="10.352"/>
  <testcase name="scenario" classname="integrationTests.cucumber.Runner" time="8.098"/>
  <testcase name="scenario" classname="integrationTests.cucumber.Runner" time="10.977"/>
  <testcase name="scenario" classname="integrationTests.cucumber.Runner" time="1.966"/>
  <testcase name="scenario" classname="integrationTests.cucumber.Runner" time="13.247"/>
  <testcase name="scenario" classname="integrationTests.cucumber.Runner" time="14.513"/>
  <testcase name="scenario" classname="integrationTests.cucumber.Runner" time="17.438"/>
  <testcase name="scenario" classname="integrationTests.cucumber.Runner" time="19.757"/>
  <testcase name="scenario" classname="integrationTests.cucumber.Runner" time="11.006"/>
  <testcase name="scenario" classname="integrationTests.cucumber.Runner" time="40.554"/>
  <testcase name="scenario" classname="integrationTests.cucumber.Runner" time="12.861"/>
  <testcase name="scenario" classname="integrationTests.cucumber.Runner" time="54.669"/>
  <testcase name="scenario" classname="integrationTests.cucumber.Runner" time="6.298"/>
  <testcase name="scenario" classname="integrationTests.cucumber.Runner" time="6.334"/>
  <testcase name="scenario" classname="integrationTests.cucumber.Runner" time="4.399"/>
  <testcase name="scenario" classname="integrationTests.cucumber.Runner" time="2.484"/>
  <testcase name="scenario" classname="integrationTests.cucumber.Runner" time="2.604">
    <failure message="expected [1] but found [2]" type="java.lang.AssertionError">java.lang.AssertionError: expected [1] but found [2]
</failure>
    <system-out><![CDATA[Selenium has waiting its max time for the following element to be visibleBy.xpath: //select[starts-with(@id,'quantity')]

Scenario Failed: Customer views basket with x2 products, totalling x4 quantity then removes 1st product
Environment: windows_chrome
Screenshot ands logs found here: 
C:/Users/workpeter/Documents/Eclipse-workspace/ARGOS/target/screenshots_logs_on_failure/windows-chrome_2018-06-27_1554

]]></system-out>
  </testcase>
  <testcase name="scenario" classname="integrationTests.cucumber.Runner" time="5.614"/>
  <testcase name="scenario" classname="integrationTests.cucumber.Runner" time="8.43"/>
  <testcase name="scenario" classname="integrationTests.cucumber.Runner" time="9.24"/>
  <testcase name="scenario" classname="integrationTests.cucumber.Runner" time="7.736"/>
  <testcase name="scenario" classname="integrationTests.cucumber.Runner" time="8.497"/>
  <testcase name="scenario" classname="integrationTests.cucumber.Runner" time="15.939"/>
  <testcase name="scenario" classname="integrationTests.cucumber.Runner" time="5.947"/>
  <testcase name="scenario" classname="integrationTests.cucumber.Runner" time="7.763"/>
  <testcase name="scenario" classname="integrationTests.cucumber.Runner" time="12.323"/>
  <testcase name="scenario" classname="integrationTests.cucumber.Runner" time="6.312"/>
  <testcase name="scenario" classname="integrationTests.cucumber.Runner" time="8.059"/>
  <testcase name="scenario" classname="integrationTests.cucumber.Runner" time="1.582"/>
  <testcase name="scenario" classname="integrationTests.cucumber.Runner" time="9.516"/>
  <testcase name="scenario" classname="integrationTests.cucumber.Runner" time="2.393"/>
  <testcase name="scenario" classname="integrationTests.cucumber.Runner" time="13.378"/>
  <testcase name="scenario" classname="integrationTests.cucumber.Runner" time="0.252"/>
  <testcase name="scenario" classname="integrationTests.cucumber.Runner" time="0.265"/>
  <testcase name="scenario" classname="integrationTests.cucumber.Runner" time="9.614"/>
  <testcase name="scenario" classname="integrationTests.cucumber.Runner" time="0.701"/>
  <testcase name="scenario" classname="integrationTests.cucumber.Runner" time="5.486"/>
  <testcase name="scenario" classname="integrationTests.cucumber.Runner" time="3.319"/>
  <testcase name="scenario" classname="integrationTests.cucumber.Runner" time="0.55"/>
  <testcase name="scenario" classname="integrationTests.cucumber.Runner" time="8.567"/>
  <testcase name="scenario" classname="integrationTests.cucumber.Runner" time="0.862"/>
  <testcase name="scenario" classname="integrationTests.cucumber.Runner" time="6.006"/>
  <testcase name="scenario" classname="integrationTests.cucumber.Runner" time="3.455"/>
  <testcase name="scenario" classname="integrationTests.cucumber.Runner" time="5.588"/>
  <testcase name="scenario" classname="integrationTests.cucumber.Runner" time="1.406"/>
  <testcase name="scenario" classname="integrationTests.cucumber.Runner" time="4.724"/>
  <testcase name="scenario" classname="integrationTests.cucumber.Runner" time="4.532"/>
  <testcase name="scenario" classname="integrationTests.cucumber.Runner" time="3.955"/>
  <testcase name="scenario" classname="integrationTests.cucumber.Runner" time="3.755"/>
  <testcase name="scenario" classname="integrationTests.cucumber.Runner" time="4.435"/>
  <testcase name="scenario" classname="integrationTests.cucumber.Runner" time="5.092"/>
  <testcase name="scenario" classname="integrationTests.cucumber.Runner" time="2.028"/>
  <testcase name="scenario" classname="integrationTests.cucumber.Runner" time="11.114"/>
  <testcase name="scenario" classname="integrationTests.cucumber.Runner" time="2.373"/>
  <testcase name="scenario" classname="integrationTests.cucumber.Runner" time="0.394"/>
  <testcase name="scenario" classname="integrationTests.cucumber.Runner" time="13.119"/>
  <testcase name="scenario" classname="integrationTests.cucumber.Runner" time="1.995"/>
  <testcase name="scenario" classname="integrationTests.cucumber.Runner" time="10.631"/>
  <testcase name="scenario" classname="integrationTests.cucumber.Runner" time="5.499"/>
  <testcase name="scenario" classname="integrationTests.cucumber.Runner" time="5.21"/>
  <testcase name="scenario" classname="integrationTests.cucumber.Runner" time="9.195"/>
  <testcase name="scenario" classname="integrationTests.cucumber.Runner" time="0.911"/>
  <testcase name="scenario" classname="integrationTests.cucumber.Runner" time="9.326"/>
  <testcase name="scenario" classname="integrationTests.cucumber.Runner" time="2.736"/>
  <testcase name="scenario" classname="integrationTests.cucumber.Runner" time="7.955"/>
  <testcase name="scenario" classname="integrationTests.cucumber.Runner" time="4.586"/>
  <testcase name="scenario" classname="integrationTests.cucumber.Runner" time="4.201"/>
  <testcase name="scenario" classname="integrationTests.cucumber.Runner" time="7.895"/>
  <testcase name="scenario" classname="integrationTests.cucumber.Runner" time="2.165"/>
  <testcase name="scenario" classname="integrationTests.cucumber.Runner" time="8.826"/>
  <testcase name="scenario" classname="integrationTests.cucumber.Runner" time="4.86"/>
  <testcase name="scenario" classname="integrationTests.cucumber.Runner" time="5.927"/>
  <testcase name="scenario" classname="integrationTests.cucumber.Runner" time="7.303"/>
  <testcase name="scenario" classname="integrationTests.cucumber.Runner" time="1.737"/>
  <testcase name="scenario" classname="integrationTests.cucumber.Runner" time="8.368"/>
  <testcase name="scenario" classname="integrationTests.cucumber.Runner" time="2.365"/>
  <testcase name="scenario" classname="integrationTests.cucumber.Runner" time="5.486"/>
  <testcase name="scenario" classname="integrationTests.cucumber.Runner" time="6.24"/>
  <testcase name="scenario" classname="integrationTests.cucumber.Runner" time="1.906"/>
  <testcase name="scenario" classname="integrationTests.cucumber.Runner" time="7.744"/>
  <testcase name="scenario" classname="integrationTests.cucumber.Runner" time="1.696"/>
  <testcase name="scenario" classname="integrationTests.cucumber.Runner" time="7.071"/>
  <testcase name="scenario" classname="integrationTests.cucumber.Runner" time="5.193"/>
  <testcase name="scenario" classname="integrationTests.cucumber.Runner" time="2.455"/>
  <testcase name="scenario" classname="integrationTests.cucumber.Runner" time="7.442"/>
  <testcase name="scenario" classname="integrationTests.cucumber.Runner" time="3.213"/>
  <testcase name="scenario" classname="integrationTests.cucumber.Runner" time="3.467"/>
  <testcase name="scenario" classname="integrationTests.cucumber.Runner" time="5.232"/>
  <testcase name="scenario" classname="integrationTests.cucumber.Runner" time="1.042"/>
  <testcase name="scenario" classname="integrationTests.cucumber.Runner" time="0">
    <skipped message="Unable to locate element: //a[@href=&quot;/browse/technology/televisions-and-accessories/c:29955/&quot;]&#10;For documentation on this error, please visit: http://seleniumhq.org/exceptions/no_such_element.html&#10;Build info: version: &apos;3.12.0&apos;, revision: &apos;7c6e0b3&apos;, time: &apos;2018-05-08T14:04:26.12Z&apos;&#10;System info: host: &apos;DESKTOP-KQS99BN&apos;, ip: &apos;192.168.0.17&apos;, os.name: &apos;Windows 10&apos;, os.arch: &apos;amd64&apos;, os.version: &apos;10.0&apos;, java.version: &apos;1.8.0_161&apos;&#10;Driver info: org.openqa.selenium.firefox.FirefoxDriver&#10;Capabilities {acceptInsecureCerts: true, browserName: firefox, browserVersion: 61.0, javascriptEnabled: true, moz:accessibilityChecks: false, moz:headless: false, moz:processID: 10480, moz:profile: C:\Users\workpeter\AppData\..., moz:useNonSpecCompliantPointerOrigin: false, moz:webdriverClick: true, pageLoadStrategy: normal, platform: XP, platformName: XP, platformVersion: 10.0, proxy: Proxy(manual, http=desktop-..., rotatable: false, timeouts: {implicit: 0, pageLoad: 300000, script: 30000}}&#10;Session ID: 04187da6-4f00-4622-ab13-0931106c6731&#10;*** Element info: {Using=xpath, value=//a[@href=&quot;/browse/technology/televisions-and-accessories/c:29955/&quot;]}"/>
    <system-out><![CDATA[Selenium has waiting its max time for the following element to be clickable: By.xpath: //a[@href="/browse/technology/televisions-and-accessories/c:29955/"]

Scenario Failed: customer navigates to subcategory via category menu hover feature then goes to niche-category
Environment: windows_firefox
Screenshot ands logs found here: 
C:/Users/workpeter/Documents/Eclipse-workspace/ARGOS/target/screenshots_logs_on_failure/windows-firefox_2018-06-27_1601

]]></system-out>
  </testcase>
  <testcase name="scenario" classname="integrationTests.cucumber.Runner" time="2.838"/>
  <testcase name="scenario" classname="integrationTests.cucumber.Runner" time="1.993"/>
  <testcase name="scenario" classname="integrationTests.cucumber.Runner" time="4.569"/>
  <testcase name="scenario" classname="integrationTests.cucumber.Runner" time="6.161"/>
  <testcase name="scenario" classname="integrationTests.cucumber.Runner" time="1.138"/>
  <testcase name="scenario" classname="integrationTests.cucumber.Runner" time="0.829"/>
  <testcase name="scenario" classname="integrationTests.cucumber.Runner" time="7.184"/>
  <testcase name="scenario" classname="integrationTests.cucumber.Runner" time="3.042"/>
  <testcase name="scenario" classname="integrationTests.cucumber.Runner" time="1.101"/>
  <testcase name="scenario" classname="integrationTests.cucumber.Runner" time="2.611"/>
  <testcase name="scenario" classname="integrationTests.cucumber.Runner" time="6.63"/>
  <testcase name="scenario" classname="integrationTests.cucumber.Runner" time="1.238"/>
  <testcase name="scenario" classname="integrationTests.cucumber.Runner" time="2.699"/>
  <testcase name="scenario" classname="integrationTests.cucumber.Runner" time="4.61"/>
  <testcase name="scenario" classname="integrationTests.cucumber.Runner" time="6.184"/>
  <testcase name="scenario" classname="integrationTests.cucumber.Runner" time="7.956"/>
  <testcase name="scenario" classname="integrationTests.cucumber.Runner" time="0.811"/>
  <testcase name="scenario" classname="integrationTests.cucumber.Runner" time="8.536"/>
  <testcase name="scenario" classname="integrationTests.cucumber.Runner" time="4.469"/>
  <testcase name="scenario" classname="integrationTests.cucumber.Runner" time="3.919"/>
  <testcase name="scenario" classname="integrationTests.cucumber.Runner" time="7.601"/>
  <testcase name="scenario" classname="integrationTests.cucumber.Runner" time="1.763"/>
  <testcase name="scenario" classname="integrationTests.cucumber.Runner" time="5.335"/>
  <testcase name="scenario" classname="integrationTests.cucumber.Runner" time="6.958"/>
  <testcase name="scenario" classname="integrationTests.cucumber.Runner" time="1.366"/>
  <testcase name="scenario" classname="integrationTests.cucumber.Runner" time="5.651"/>
  <testcase name="scenario" classname="integrationTests.cucumber.Runner" time="6.912"/>
  <testcase name="scenario" classname="integrationTests.cucumber.Runner" time="0.914"/>
  <testcase name="scenario" classname="integrationTests.cucumber.Runner" time="8.073"/>
  <testcase name="scenario" classname="integrationTests.cucumber.Runner" time="5.95"/>
  <testcase name="scenario" classname="integrationTests.cucumber.Runner" time="1.706"/>
  <testcase name="scenario" classname="integrationTests.cucumber.Runner" time="6.671"/>
  <testcase name="scenario" classname="integrationTests.cucumber.Runner" time="5.863"/>
  <testcase name="scenario" classname="integrationTests.cucumber.Runner" time="0.528"/>
  <testcase name="scenario" classname="integrationTests.cucumber.Runner" time="6.88"/>
  <testcase name="scenario" classname="integrationTests.cucumber.Runner" time="6.344"/>
  <testcase name="scenario" classname="integrationTests.cucumber.Runner" time="0.393"/>
  <testcase name="scenario" classname="integrationTests.cucumber.Runner" time="6.185"/>
  <testcase name="scenario" classname="integrationTests.cucumber.Runner" time="5.781"/>
  <testcase name="scenario" classname="integrationTests.cucumber.Runner" time="2.153"/>
  <testcase name="scenario" classname="integrationTests.cucumber.Runner" time="4.13"/>
  <testcase name="scenario" classname="integrationTests.cucumber.Runner" time="4.315"/>
  <testcase name="scenario" classname="integrationTests.cucumber.Runner" time="2.248"/>
  <testcase name="scenario" classname="integrationTests.cucumber.Runner" time="4.172"/>
  <testcase name="scenario" classname="integrationTests.cucumber.Runner" time="5.922"/>
  <testcase name="scenario" classname="integrationTests.cucumber.Runner" time="9.798"/>
  <testcase name="scenario" classname="integrationTests.cucumber.Runner" time="8.231"/>
  <testcase name="scenario" classname="integrationTests.cucumber.Runner" time="10.293"/>
  <testcase name="scenario" classname="integrationTests.cucumber.Runner" time="9.69"/>
  <testcase name="scenario" classname="integrationTests.cucumber.Runner" time="8.93"/>
  <testcase name="scenario" classname="integrationTests.cucumber.Runner" time="9.604"/>
  <testcase name="scenario" classname="integrationTests.cucumber.Runner" time="9.083"/>
  <testcase name="scenario" classname="integrationTests.cucumber.Runner" time="8.177"/>
  <testcase name="scenario" classname="integrationTests.cucumber.Runner" time="7.988"/>
  <testcase name="scenario" classname="integrationTests.cucumber.Runner" time="8.266"/>
  <testcase name="scenario" classname="integrationTests.cucumber.Runner" time="8.312"/>
  <testcase name="scenario" classname="integrationTests.cucumber.Runner" time="8.379"/>
  <testcase name="scenario" classname="integrationTests.cucumber.Runner" time="8.047"/>
  <testcase name="scenario" classname="integrationTests.cucumber.Runner" time="8.49"/>
  <testcase name="scenario" classname="integrationTests.cucumber.Runner" time="7.876"/>
  <testcase name="scenario" classname="integrationTests.cucumber.Runner" time="7.715"/>
  <testcase name="scenario" classname="integrationTests.cucumber.Runner" time="5.309"/>
  <testcase name="scenario" classname="integrationTests.cucumber.Runner" time="6.126"/>
  <testcase name="scenario" classname="integrationTests.cucumber.Runner" time="5.497"/>
  <testcase name="scenario" classname="integrationTests.cucumber.Runner" time="6.38"/>
  <testcase name="scenario" classname="integrationTests.cucumber.Runner" time="7.905"/>
  <testcase name="scenario" classname="integrationTests.cucumber.Runner" time="5.295"/>
  <testcase name="scenario" classname="integrationTests.cucumber.Runner" time="3.636"/>
</testsuite>