<?xml version="1.0" encoding="UTF-8"?>
<testng-results skipped="4" failed="1" ignored="0" total="258" passed="253">
  <reporter-output>
    <line>
      <![CDATA[<div "result">customer is on homepage (PASSED : 4s)</div>]]>
    </line>
    <line>
      <![CDATA[<div "result">customer is on homepage (PASSED : 4s)</div>]]>
    </line>
    <line>
      <![CDATA[<div "result">customer is on homepage (PASSED : 8s)</div>]]>
    </line>
    <line>
      <![CDATA[<div "result">customer searches by product: XBOX using search feature (PASSED : 7s)</div>]]>
    </line>
    <line>
      <![CDATA[<div "result">customer is on homepage (PASSED : 12s)</div>]]>
    </line>
    <line>
      <![CDATA[<div "result">customer is on homepage (PASSED : 3s)</div>]]>
    </line>
    <line>
      <![CDATA[<div "result">results of matching products are shown by order of popularity (PASSED : 2s)</div>]]>
    </line>
    <line>
      <![CDATA[<div "result">customer is on homepage (PASSED : 2s)</div>]]>
    </line>
    <line>
      <![CDATA[<div "result">customer clicks on first product (PASSED : 2s)</div>]]>
    </line>
    <line>
      <![CDATA[<div "result">customer searches by product: XBOX using search feature (PASSED : 6s)</div>]]>
    </line>
    <line>
      <![CDATA[<div "result">customer searches by product: XBOX using search feature (PASSED : 7s)</div>]]>
    </line>
    <line>
      <![CDATA[<div "result">results of matching products are shown by order of popularity (PASSED : 2s)</div>]]>
    </line>
    <line>
      <![CDATA[<div "result">customer can see important product data (PASSED : 6s)</div>]]>
    </line>
    <line>
      <![CDATA[<div "result">customer can see related products (PASSED : 0s)</div>]]>
    </line>
    <line>
      <![CDATA[<div "result">results of matching products are shown by order of popularity (PASSED : 2s)</div>]]>
    </line>
    <line>
      <![CDATA[<div "result">customer is on homepage (PASSED : 2s)</div>]]>
    </line>
    <line>
      <![CDATA[<div "result">customer clicks on first product (PASSED : 9s)</div>]]>
    </line>
    <line>
      <![CDATA[<div "result">customer searches by product: COOKERS using search feature (PASSED : 7s)</div>]]>
    </line>
    <line>
      <![CDATA[<div "result">customer can see important product data (PASSED : 2s)</div>]]>
    </line>
    <line>
      <![CDATA[<div "result">customer can see related products (PASSED : 0s)</div>]]>
    </line>
    <line>
      <![CDATA[<div "result">customer clicks on first product (PASSED : 9s)</div>]]>
    </line>
    <line>
      <![CDATA[<div "result">results of matching products are shown by order of popularity (PASSED : 2s)</div>]]>
    </line>
    <line>
      <![CDATA[<div "result">customer can see important product data (PASSED : 1s)</div>]]>
    </line>
    <line>
      <![CDATA[<div "result">customer can see related products (PASSED : 0s)</div>]]>
    </line>
    <line>
      <![CDATA[<div "result">customer is on homepage (PASSED : 2s)</div>]]>
    </line>
    <line>
      <![CDATA[<div "result">customer clicks on first product (PASSED : 2s)</div>]]>
    </line>
    <line>
      <![CDATA[<div "result">customer searches by product: COOKERS using search feature (PASSED : 4s)</div>]]>
    </line>
    <line>
      <![CDATA[<div "result">customer is on homepage (PASSED : 5s)</div>]]>
    </line>
    <line>
      <![CDATA[<div "result">customer can see important product data (PASSED : 4s)</div>]]>
    </line>
    <line>
      <![CDATA[<div "result">customer can see related products (PASSED : 0s)</div>]]>
    </line>
    <line>
      <![CDATA[<div "result">results of matching products are shown by order of popularity (PASSED : 1s)</div>]]>
    </line>
    <line>
      <![CDATA[<div "result">customer is on homepage (PASSED : 3s)</div>]]>
    </line>
    <line>
      <![CDATA[<div "result">customer searches by product: COOKERS using search feature (PASSED : 5s)</div>]]>
    </line>
    <line>
      <![CDATA[<div "result">customer clicks on first product (PASSED : 5s)</div>]]>
    </line>
    <line>
      <![CDATA[<div "result">results of matching products are shown by order of popularity (PASSED : 2s)</div>]]>
    </line>
    <line>
      <![CDATA[<div "result">customer can see important product data (PASSED : 0s)</div>]]>
    </line>
    <line>
      <![CDATA[<div "result">customer can see related products (PASSED : 0s)</div>]]>
    </line>
    <line>
      <![CDATA[<div "result">customer is on homepage (PASSED : 2s)</div>]]>
    </line>
    <line>
      <![CDATA[<div "result">customer searches by product: PUSHCHAIR using search feature (PASSED : 5s)</div>]]>
    </line>
    <line>
      <![CDATA[<div "result">results of matching products are shown by order of popularity (PASSED : 1s)</div>]]>
    </line>
    <line>
      <![CDATA[<div "result">customer clicks on first product (PASSED : 5s)</div>]]>
    </line>
    <line>
      <![CDATA[<div "result">customer can see important product data (PASSED : 1s)</div>]]>
    </line>
    <line>
      <![CDATA[<div "result">customer clicks on first product (PASSED : 2s)</div>]]>
    </line>
    <line>
      <![CDATA[<div "result">customer searches by product: PUSHCHAIR using search feature (PASSED : 4s)</div>]]>
    </line>
    <line>
      <![CDATA[<div "result">customer can see related products (PASSED : 0s)</div>]]>
    </line>
    <line>
      <![CDATA[<div "result">results of matching products are shown by order of popularity (PASSED : 3s)</div>]]>
    </line>
    <line>
      <![CDATA[<div "result">customer is on homepage (PASSED : 4s)</div>]]>
    </line>
    <line>
      <![CDATA[<div "result">customer can see important product data (PASSED : 6s)</div>]]>
    </line>
    <line>
      <![CDATA[<div "result">customer can see related products (PASSED : 0s)</div>]]>
    </line>
    <line>
      <![CDATA[<div "result">customer searches by product: PUSHCHAIR using search feature (PASSED : 5s)</div>]]>
    </line>
    <line>
      <![CDATA[<div "result">customer is on homepage (PASSED : 4s)</div>]]>
    </line>
    <line>
      <![CDATA[<div "result">customer clicks on first product (PASSED : 7s)</div>]]>
    </line>
    <line>
      <![CDATA[<div "result">results of matching products are shown by order of popularity (PASSED : 2s)</div>]]>
    </line>
    <line>
      <![CDATA[<div "result">customer can see important product data (PASSED : 1s)</div>]]>
    </line>
    <line>
      <![CDATA[<div "result">customer can see related products (PASSED : 0s)</div>]]>
    </line>
    <line>
      <![CDATA[<div "result">customer clicks on first product (PASSED : 5s)</div>]]>
    </line>
    <line>
      <![CDATA[<div "result">customer searches by product: SPIDERMAN using search feature (PASSED : 7s)</div>]]>
    </line>
    <line>
      <![CDATA[<div "result">customer is on homepage (PASSED : 5s)</div>]]>
    </line>
    <line>
      <![CDATA[<div "result">customer can see important product data (PASSED : 1s)</div>]]>
    </line>
    <line>
      <![CDATA[<div "result">customer can see related products (PASSED : 0s)</div>]]>
    </line>
    <line>
      <![CDATA[<div "result">results of matching products are shown by order of popularity (PASSED : 2s)</div>]]>
    </line>
    <line>
      <![CDATA[<div "result">customer clicks on first product (PASSED : 2s)</div>]]>
    </line>
    <line>
      <![CDATA[<div "result">customer is on homepage (PASSED : 3s)</div>]]>
    </line>
    <line>
      <![CDATA[<div "result">customer searches by product: SPIDERMAN using search feature (PASSED : 5s)</div>]]>
    </line>
    <line>
      <![CDATA[<div "result">results of matching products are shown by order of popularity (PASSED : 3s)</div>]]>
    </line>
    <line>
      <![CDATA[<div "result">customer can see important product data (PASSED : 4s)</div>]]>
    </line>
    <line>
      <![CDATA[<div "result">customer can see related products (PASSED : 0s)</div>]]>
    </line>
    <line>
      <![CDATA[<div "result">customer searches by product: SPIDERMAN using search feature (PASSED : 4s)</div>]]>
    </line>
    <line>
      <![CDATA[<div "result">results of matching products are shown by order of popularity (PASSED : 2s)</div>]]>
    </line>
    <line>
      <![CDATA[<div "result">customer is on homepage (PASSED : 2s)</div>]]>
    </line>
    <line>
      <![CDATA[<div "result">customer clicks on first product (PASSED : 5s)</div>]]>
    </line>
    <line>
      <![CDATA[<div "result">customer can see important product data (PASSED : 1s)</div>]]>
    </line>
    <line>
      <![CDATA[<div "result">customer can see related products (PASSED : 0s)</div>]]>
    </line>
    <line>
      <![CDATA[<div "result">customer clicks on first product (PASSED : 6s)</div>]]>
    </line>
    <line>
      <![CDATA[<div "result">customer searches by product: FOOTBALL using search feature (PASSED : 6s)</div>]]>
    </line>
    <line>
      <![CDATA[<div "result">customer is on homepage (PASSED : 3s)</div>]]>
    </line>
    <line>
      <![CDATA[<div "result">customer can see important product data (PASSED : 2s)</div>]]>
    </line>
    <line>
      <![CDATA[<div "result">results of matching products are shown by order of popularity (PASSED : 1s)</div>]]>
    </line>
    <line>
      <![CDATA[<div "result">customer can see related products (PASSED : 0s)</div>]]>
    </line>
    <line>
      <![CDATA[<div "result">customer clicks on first product (PASSED : 1s)</div>]]>
    </line>
    <line>
      <![CDATA[<div "result">customer is on homepage (PASSED : 3s)</div>]]>
    </line>
    <line>
      <![CDATA[<div "result">customer searches by product: FOOTBALL using search feature (PASSED : 7s)</div>]]>
    </line>
    <line>
      <![CDATA[<div "result">customer can see important product data (PASSED : 5s)</div>]]>
    </line>
    <line>
      <![CDATA[<div "result">customer can see related products (PASSED : 0s)</div>]]>
    </line>
    <line>
      <![CDATA[<div "result">results of matching products are shown by order of popularity (PASSED : 3s)</div>]]>
    </line>
    <line>
      <![CDATA[<div "result">customer searches by product: FOOTBALL using search feature (PASSED : 5s)</div>]]>
    </line>
    <line>
      <![CDATA[<div "result">customer is on homepage (PASSED : 3s)</div>]]>
    </line>
    <line>
      <![CDATA[<div "result">results of matching products are shown by order of popularity (PASSED : 1s)</div>]]>
    </line>
    <line>
      <![CDATA[<div "result">customer clicks on first product (PASSED : 4s)</div>]]>
    </line>
    <line>
      <![CDATA[<div "result">customer can see important product data (PASSED : 1s)</div>]]>
    </line>
    <line>
      <![CDATA[<div "result">customer can see related products (PASSED : 0s)</div>]]>
    </line>
    <line>
      <![CDATA[<div "result">customer searches by product: WEIGHTS using search feature (PASSED : 6s)</div>]]>
    </line>
    <line>
      <![CDATA[<div "result">customer clicks on first product (PASSED : 6s)</div>]]>
    </line>
    <line>
      <![CDATA[<div "result">customer can see important product data (PASSED : 0s)</div>]]>
    </line>
    <line>
      <![CDATA[<div "result">customer can see related products (PASSED : 0s)</div>]]>
    </line>
    <line>
      <![CDATA[<div "result">customer is on homepage (PASSED : 3s)</div>]]>
    </line>
    <line>
      <![CDATA[<div "result">results of matching products are shown by order of popularity (PASSED : 1s)</div>]]>
    </line>
    <line>
      <![CDATA[<div "result">customer clicks on first product (PASSED : 2s)</div>]]>
    </line>
    <line>
      <![CDATA[<div "result">customer is on homepage (PASSED : 3s)</div>]]>
    </line>
    <line>
      <![CDATA[<div "result">customer searches by product: WEIGHTS using search feature (PASSED : 5s)</div>]]>
    </line>
    <line>
      <![CDATA[<div "result">results of matching products are shown by order of popularity (PASSED : 2s)</div>]]>
    </line>
    <line>
      <![CDATA[<div "result">customer searches by product: WEIGHTS using search feature (PASSED : 4s)</div>]]>
    </line>
    <line>
      <![CDATA[<div "result">customer can see important product data (PASSED : 5s)</div>]]>
    </line>
    <line>
      <![CDATA[<div "result">customer can see related products (PASSED : 0s)</div>]]>
    </line>
    <line>
      <![CDATA[<div "result">results of matching products are shown by order of popularity (PASSED : 2s)</div>]]>
    </line>
    <line>
      <![CDATA[<div "result">customer is on homepage (PASSED : 2s)</div>]]>
    </line>
    <line>
      <![CDATA[<div "result">customer clicks on first product (PASSED : 5s)</div>]]>
    </line>
    <line>
      <![CDATA[<div "result">customer can see important product data (PASSED : 0s)</div>]]>
    </line>
    <line>
      <![CDATA[<div "result">customer can see related products (PASSED : 0s)</div>]]>
    </line>
    <line>
      <![CDATA[<div "result">customer clicks on first product (PASSED : 5s)</div>]]>
    </line>
    <line>
      <![CDATA[<div "result">customer is on homepage (PASSED : 3s)</div>]]>
    </line>
    <line>
      <![CDATA[<div "result">customer searches by product: JEANS using search feature (PASSED : 6s)</div>]]>
    </line>
    <line>
      <![CDATA[<div "result">customer can see important product data (PASSED : 2s)</div>]]>
    </line>
    <line>
      <![CDATA[<div "result">customer can see related products (PASSED : 0s)</div>]]>
    </line>
    <line>
      <![CDATA[<div "result">results of matching products are shown by order of popularity (PASSED : 2s)</div>]]>
    </line>
    <line>
      <![CDATA[<div "result">customer searches by product: JEANS using search feature (PASSED : 4s)</div>]]>
    </line>
    <line>
      <![CDATA[<div "result">customer clicks on first product (PASSED : 2s)</div>]]>
    </line>
    <line>
      <![CDATA[<div "result">customer is on homepage (PASSED : 4s)</div>]]>
    </line>
    <line>
      <![CDATA[<div "result">results of matching products are shown by order of popularity (PASSED : 2s)</div>]]>
    </line>
    <line>
      <![CDATA[<div "result">customer can see important product data (PASSED : 4s)</div>]]>
    </line>
    <line>
      <![CDATA[<div "result">customer can see related products (PASSED : 0s)</div>]]>
    </line>
    <line>
      <![CDATA[<div "result">customer searches by product: JEANS using search feature (PASSED : 5s)</div>]]>
    </line>
    <line>
      <![CDATA[<div "result">customer clicks on first product (PASSED : 6s)</div>]]>
    </line>
    <line>
      <![CDATA[<div "result">customer is on homepage (PASSED : 3s)</div>]]>
    </line>
    <line>
      <![CDATA[<div "result">results of matching products are shown by order of popularity (PASSED : 1s)</div>]]>
    </line>
    <line>
      <![CDATA[<div "result">customer can see important product data (PASSED : 1s)</div>]]>
    </line>
    <line>
      <![CDATA[<div "result">customer can see related products (PASSED : 0s)</div>]]>
    </line>
    <line>
      <![CDATA[<div "result">customer searches by product: RING using search feature (PASSED : 4s)</div>]]>
    </line>
    <line>
      <![CDATA[<div "result">customer is on homepage (PASSED : 2s)</div>]]>
    </line>
    <line>
      <![CDATA[<div "result">customer clicks on first product (PASSED : 5s)</div>]]>
    </line>
    <line>
      <![CDATA[<div "result">results of matching products are shown by order of popularity (PASSED : 2s)</div>]]>
    </line>
    <line>
      <![CDATA[<div "result">customer can see important product data (PASSED : 2s)</div>]]>
    </line>
    <line>
      <![CDATA[<div "result">customer clicks on first product (PASSED : 1s)</div>]]>
    </line>
    <line>
      <![CDATA[<div "result">customer can see related products (PASSED : 0s)</div>]]>
    </line>
    <line>
      <![CDATA[<div "result">customer searches by product: RING using search feature (PASSED : 4s)</div>]]>
    </line>
    <line>
      <![CDATA[<div "result">results of matching products are shown by order of popularity (PASSED : 2s)</div>]]>
    </line>
    <line>
      <![CDATA[<div "result">customer is on homepage (PASSED : 3s)</div>]]>
    </line>
    <line>
      <![CDATA[<div "result">customer can see important product data (PASSED : 4s)</div>]]>
    </line>
    <line>
      <![CDATA[<div "result">customer can see related products (PASSED : 0s)</div>]]>
    </line>
    <line>
      <![CDATA[<div "result">customer is on homepage (PASSED : 3s)</div>]]>
    </line>
    <line>
      <![CDATA[<div "result">customer clicks on first product (PASSED : 5s)</div>]]>
    </line>
    <line>
      <![CDATA[<div "result">customer searches by product: RING using search feature (PASSED : 5s)</div>]]>
    </line>
    <line>
      <![CDATA[<div "result">customer can see important product data (PASSED : 1s)</div>]]>
    </line>
    <line>
      <![CDATA[<div "result">customer can see related products (PASSED : 0s)</div>]]>
    </line>
    <line>
      <![CDATA[<div "result">results of matching products are shown by order of popularity (PASSED : 2s)</div>]]>
    </line>
    <line>
      <![CDATA[<div "result">customer searches by product: XBOX using search feature (PASSED : 5s)</div>]]>
    </line>
    <line>
      <![CDATA[<div "result">customer is on homepage (PASSED : 3s)</div>]]>
    </line>
    <line>
      <![CDATA[<div "result">customer clicks on first product (PASSED : 5s)</div>]]>
    </line>
    <line>
      <![CDATA[<div "result">customer sorts by price low-to-high (PASSED : 3s)</div>]]>
    </line>
    <line>
      <![CDATA[<div "result">results of matching products are shown by order of price low-to-high (PASSED : 0s)</div>]]>
    </line>
    <line>
      <![CDATA[<div "result">customer can see important product data (PASSED : 2s)</div>]]>
    </line>
    <line>
      <![CDATA[<div "result">customer can see related products (PASSED : 0s)</div>]]>
    </line>
    <line>
      <![CDATA[<div "result">customer searches by product: XBOX using search feature (PASSED : 6s)</div>]]>
    </line>
    <line>
      <![CDATA[<div "result">customer sorts by price high-to-low (PASSED : 3s)</div>]]>
    </line>
    <line>
      <![CDATA[<div "result">results of matching products are shown by order of price high-to-low (PASSED : 0s)</div>]]>
    </line>
    <line>
      <![CDATA[<div "result">customer sorts by price low-to-high (PASSED : 3s)</div>]]>
    </line>
    <line>
      <![CDATA[<div "result">results of matching products are shown by order of price low-to-high (PASSED : 0s)</div>]]>
    </line>
    <line>
      <![CDATA[<div "result">customer is on homepage (PASSED : 4s)</div>]]>
    </line>
    <line>
      <![CDATA[<div "result">customer sorts by customer rating (PASSED : 3s)</div>]]>
    </line>
    <line>
      <![CDATA[<div "result">results of matching products are shown by order of customer rating (PASSED : 0s)</div>]]>
    </line>
    <line>
      <![CDATA[<div "result">customer sorts by price high-to-low (PASSED : 4s)</div>]]>
    </line>
    <line>
      <![CDATA[<div "result">results of matching products are shown by order of price high-to-low (PASSED : 0s)</div>]]>
    </line>
    <line>
      <![CDATA[<div "result">customer is on homepage (PASSED : 4s)</div>]]>
    </line>
    <line>
      <![CDATA[<div "result">customer searches by product: XBOX using search feature (PASSED : 7s)</div>]]>
    </line>
    <line>
      <![CDATA[<div "result">customer sorts by customer rating (PASSED : 3s)</div>]]>
    </line>
    <line>
      <![CDATA[<div "result">results of matching products are shown by order of customer rating (PASSED : 2s)</div>]]>
    </line>
    <line>
      <![CDATA[<div "result">customer sorts by price low-to-high (PASSED : 3s)</div>]]>
    </line>
    <line>
      <![CDATA[<div "result">results of matching products are shown by order of price low-to-high (PASSED : 0s)</div>]]>
    </line>
    <line>
      <![CDATA[<div "result">customer searches by product: COOKERS using search feature (PASSED : 6s)</div>]]>
    </line>
    <line>
      <![CDATA[<div "result">customer is on homepage (PASSED : 3s)</div>]]>
    </line>
    <line>
      <![CDATA[<div "result">customer sorts by price high-to-low (PASSED : 3s)</div>]]>
    </line>
    <line>
      <![CDATA[<div "result">results of matching products are shown by order of price high-to-low (PASSED : 0s)</div>]]>
    </line>
    <line>
      <![CDATA[<div "result">customer sorts by price low-to-high (PASSED : 3s)</div>]]>
    </line>
    <line>
      <![CDATA[<div "result">results of matching products are shown by order of price low-to-high (PASSED : 0s)</div>]]>
    </line>
    <line>
      <![CDATA[<div "result">customer sorts by price high-to-low (PASSED : 3s)</div>]]>
    </line>
    <line>
      <![CDATA[<div "result">results of matching products are shown by order of price high-to-low (PASSED : 0s)</div>]]>
    </line>
    <line>
      <![CDATA[<div "result">customer sorts by customer rating (PASSED : 3s)</div>]]>
    </line>
    <line>
      <![CDATA[<div "result">results of matching products are shown by order of customer rating (PASSED : 0s)</div>]]>
    </line>
    <line>
      <![CDATA[<div "result">customer searches by product: COOKERS using search feature (PASSED : 6s)</div>]]>
    </line>
    <line>
      <![CDATA[<div "result">customer sorts by customer rating (PASSED : 3s)</div>]]>
    </line>
    <line>
      <![CDATA[<div "result">results of matching products are shown by order of customer rating (PASSED : 0s)</div>]]>
    </line>
    <line>
      <![CDATA[<div "result">customer is on homepage (PASSED : 4s)</div>]]>
    </line>
    <line>
      <![CDATA[<div "result">customer sorts by price low-to-high (PASSED : 4s)</div>]]>
    </line>
    <line>
      <![CDATA[<div "result">results of matching products are shown by order of price low-to-high (PASSED : 0s)</div>]]>
    </line>
    <line>
      <![CDATA[<div "result">customer is on homepage (PASSED : 2s)</div>]]>
    </line>
    <line>
      <![CDATA[<div "result">customer sorts by price high-to-low (PASSED : 4s)</div>]]>
    </line>
    <line>
      <![CDATA[<div "result">results of matching products are shown by order of price high-to-low (PASSED : 0s)</div>]]>
    </line>
    <line>
      <![CDATA[<div "result">customer searches by product: COOKERS using search feature (PASSED : 5s)</div>]]>
    </line>
    <line>
      <![CDATA[<div "result">customer searches by product: PUSHCHAIR using search feature (PASSED : 6s)</div>]]>
    </line>
    <line>
      <![CDATA[<div "result">customer sorts by customer rating (PASSED : 3s)</div>]]>
    </line>
    <line>
      <![CDATA[<div "result">results of matching products are shown by order of customer rating (PASSED : 0s)</div>]]>
    </line>
    <line>
      <![CDATA[<div "result">customer sorts by price low-to-high (PASSED : 4s)</div>]]>
    </line>
    <line>
      <![CDATA[<div "result">results of matching products are shown by order of price low-to-high (PASSED : 1s)</div>]]>
    </line>
    <line>
      <![CDATA[<div "result">customer sorts by price low-to-high (PASSED : 4s)</div>]]>
    </line>
    <line>
      <![CDATA[<div "result">results of matching products are shown by order of price low-to-high (PASSED : 0s)</div>]]>
    </line>
    <line>
      <![CDATA[<div "result">customer is on homepage (PASSED : 4s)</div>]]>
    </line>
    <line>
      <![CDATA[<div "result">customer sorts by price high-to-low (PASSED : 3s)</div>]]>
    </line>
    <line>
      <![CDATA[<div "result">results of matching products are shown by order of price high-to-low (PASSED : 0s)</div>]]>
    </line>
    <line>
      <![CDATA[<div "result">customer sorts by price high-to-low (PASSED : 3s)</div>]]>
    </line>
    <line>
      <![CDATA[<div "result">results of matching products are shown by order of price high-to-low (PASSED : 0s)</div>]]>
    </line>
    <line>
      <![CDATA[<div "result">customer sorts by customer rating (PASSED : 3s)</div>]]>
    </line>
    <line>
      <![CDATA[<div "result">results of matching products are shown by order of customer rating (PASSED : 0s)</div>]]>
    </line>
    <line>
      <![CDATA[<div "result">customer sorts by customer rating (PASSED : 4s)</div>]]>
    </line>
    <line>
      <![CDATA[<div "result">results of matching products are shown by order of customer rating (PASSED : 0s)</div>]]>
    </line>
    <line>
      <![CDATA[<div "result">customer searches by product: PUSHCHAIR using search feature (PASSED : 11s)</div>]]>
    </line>
    <line>
      <![CDATA[<div "result">customer is on homepage (PASSED : 4s)</div>]]>
    </line>
    <line>
      <![CDATA[<div "result">customer is on homepage (PASSED : 6s)</div>]]>
    </line>
    <line>
      <![CDATA[<div "result">customer sorts by price low-to-high (PASSED : 3s)</div>]]>
    </line>
    <line>
      <![CDATA[<div "result">results of matching products are shown by order of price low-to-high (PASSED : 0s)</div>]]>
    </line>
    <line>
      <![CDATA[<div "result">customer searches by product: PUSHCHAIR using search feature (PASSED : 5s)</div>]]>
    </line>
    <line>
      <![CDATA[<div "result">customer searches by product: SPIDERMAN using search feature (PASSED : 6s)</div>]]>
    </line>
    <line>
      <![CDATA[<div "result">customer sorts by price high-to-low (PASSED : 3s)</div>]]>
    </line>
    <line>
      <![CDATA[<div "result">results of matching products are shown by order of price high-to-low (PASSED : 0s)</div>]]>
    </line>
    <line>
      <![CDATA[<div "result">customer sorts by price low-to-high (PASSED : 2s)</div>]]>
    </line>
    <line>
      <![CDATA[<div "result">results of matching products are shown by order of price low-to-high (PASSED : 0s)</div>]]>
    </line>
    <line>
      <![CDATA[<div "result">customer sorts by price low-to-high (PASSED : 3s)</div>]]>
    </line>
    <line>
      <![CDATA[<div "result">results of matching products are shown by order of price low-to-high (PASSED : 0s)</div>]]>
    </line>
    <line>
      <![CDATA[<div "result">customer sorts by customer rating (PASSED : 3s)</div>]]>
    </line>
    <line>
      <![CDATA[<div "result">results of matching products are shown by order of customer rating (PASSED : 0s)</div>]]>
    </line>
    <line>
      <![CDATA[<div "result">customer sorts by price high-to-low (PASSED : 2s)</div>]]>
    </line>
    <line>
      <![CDATA[<div "result">results of matching products are shown by order of price high-to-low (PASSED : 0s)</div>]]>
    </line>
    <line>
      <![CDATA[<div "result">customer sorts by price high-to-low (PASSED : 3s)</div>]]>
    </line>
    <line>
      <![CDATA[<div "result">results of matching products are shown by order of price high-to-low (PASSED : 0s)</div>]]>
    </line>
    <line>
      <![CDATA[<div "result">customer is on homepage (PASSED : 2s)</div>]]>
    </line>
    <line>
      <![CDATA[<div "result">customer sorts by customer rating (PASSED : 2s)</div>]]>
    </line>
    <line>
      <![CDATA[<div "result">results of matching products are shown by order of customer rating (PASSED : 0s)</div>]]>
    </line>
    <line>
      <![CDATA[<div "result">customer sorts by customer rating (PASSED : 3s)</div>]]>
    </line>
    <line>
      <![CDATA[<div "result">results of matching products are shown by order of customer rating (PASSED : 0s)</div>]]>
    </line>
    <line>
      <![CDATA[<div "result">customer is on homepage (PASSED : 3s)</div>]]>
    </line>
    <line>
      <![CDATA[<div "result">customer searches by product: SPIDERMAN using search feature (PASSED : 5s)</div>]]>
    </line>
    <line>
      <![CDATA[<div "result">customer is on homepage (PASSED : 4s)</div>]]>
    </line>
    <line>
      <![CDATA[<div "result">customer sorts by price low-to-high (PASSED : 3s)</div>]]>
    </line>
    <line>
      <![CDATA[<div "result">results of matching products are shown by order of price low-to-high (PASSED : 0s)</div>]]>
    </line>
    <line>
      <![CDATA[<div "result">customer searches by product: FOOTBALL using search feature (PASSED : 4s)</div>]]>
    </line>
    <line>
      <![CDATA[<div "result">customer sorts by price high-to-low (PASSED : 3s)</div>]]>
    </line>
    <line>
      <![CDATA[<div "result">customer searches by product: SPIDERMAN using search feature (PASSED : 4s)</div>]]>
    </line>
    <line>
      <![CDATA[<div "result">results of matching products are shown by order of price high-to-low (PASSED : 0s)</div>]]>
    </line>
    <line>
      <![CDATA[<div "result">customer sorts by price low-to-high (PASSED : 3s)</div>]]>
    </line>
    <line>
      <![CDATA[<div "result">results of matching products are shown by order of price low-to-high (PASSED : 1s)</div>]]>
    </line>
    <line>
      <![CDATA[<div "result">customer sorts by price low-to-high (PASSED : 3s)</div>]]>
    </line>
    <line>
      <![CDATA[<div "result">customer sorts by customer rating (PASSED : 3s)</div>]]>
    </line>
    <line>
      <![CDATA[<div "result">results of matching products are shown by order of price low-to-high (PASSED : 0s)</div>]]>
    </line>
    <line>
      <![CDATA[<div "result">results of matching products are shown by order of customer rating (PASSED : 0s)</div>]]>
    </line>
    <line>
      <![CDATA[<div "result">customer sorts by price high-to-low (PASSED : 2s)</div>]]>
    </line>
    <line>
      <![CDATA[<div "result">results of matching products are shown by order of price high-to-low (PASSED : 0s)</div>]]>
    </line>
    <line>
      <![CDATA[<div "result">customer sorts by price high-to-low (PASSED : 3s)</div>]]>
    </line>
    <line>
      <![CDATA[<div "result">customer is on homepage (PASSED : 3s)</div>]]>
    </line>
    <line>
      <![CDATA[<div "result">results of matching products are shown by order of price high-to-low (PASSED : 0s)</div>]]>
    </line>
    <line>
      <![CDATA[<div "result">customer sorts by customer rating (PASSED : 3s)</div>]]>
    </line>
    <line>
      <![CDATA[<div "result">results of matching products are shown by order of customer rating (PASSED : 0s)</div>]]>
    </line>
    <line>
      <![CDATA[<div "result">customer searches by product: FOOTBALL using search feature (PASSED : 6s)</div>]]>
    </line>
    <line>
      <![CDATA[<div "result">customer sorts by customer rating (PASSED : 5s)</div>]]>
    </line>
    <line>
      <![CDATA[<div "result">customer is on homepage (PASSED : 5s)</div>]]>
    </line>
    <line>
      <![CDATA[<div "result">results of matching products are shown by order of customer rating (PASSED : 0s)</div>]]>
    </line>
    <line>
      <![CDATA[<div "result">customer sorts by price low-to-high (PASSED : 3s)</div>]]>
    </line>
    <line>
      <![CDATA[<div "result">customer is on homepage (PASSED : 3s)</div>]]>
    </line>
    <line>
      <![CDATA[<div "result">results of matching products are shown by order of price low-to-high (PASSED : 0s)</div>]]>
    </line>
    <line>
      <![CDATA[<div "result">customer searches by product: WEIGHTS using search feature (PASSED : 5s)</div>]]>
    </line>
    <line>
      <![CDATA[<div "result">customer sorts by price high-to-low (PASSED : 3s)</div>]]>
    </line>
    <line>
      <![CDATA[<div "result">results of matching products are shown by order of price high-to-low (PASSED : 0s)</div>]]>
    </line>
    <line>
      <![CDATA[<div "result">customer sorts by price low-to-high (PASSED : 4s)</div>]]>
    </line>
    <line>
      <![CDATA[<div "result">customer searches by product: FOOTBALL using search feature (PASSED : 5s)</div>]]>
    </line>
    <line>
      <![CDATA[<div "result">results of matching products are shown by order of price low-to-high (PASSED : 0s)</div>]]>
    </line>
    <line>
      <![CDATA[<div "result">customer sorts by customer rating (PASSED : 3s)</div>]]>
    </line>
    <line>
      <![CDATA[<div "result">results of matching products are shown by order of customer rating (PASSED : 0s)</div>]]>
    </line>
    <line>
      <![CDATA[<div "result">customer sorts by price low-to-high (PASSED : 2s)</div>]]>
    </line>
    <line>
      <![CDATA[<div "result">results of matching products are shown by order of price low-to-high (PASSED : 0s)</div>]]>
    </line>
    <line>
      <![CDATA[<div "result">customer sorts by price high-to-low (PASSED : 4s)</div>]]>
    </line>
    <line>
      <![CDATA[<div "result">results of matching products are shown by order of price high-to-low (PASSED : 0s)</div>]]>
    </line>
    <line>
      <![CDATA[<div "result">customer is on homepage (PASSED : 3s)</div>]]>
    </line>
    <line>
      <![CDATA[<div "result">customer sorts by price high-to-low (PASSED : 3s)</div>]]>
    </line>
    <line>
      <![CDATA[<div "result">results of matching products are shown by order of price high-to-low (PASSED : 0s)</div>]]>
    </line>
    <line>
      <![CDATA[<div "result">customer sorts by customer rating (PASSED : 3s)</div>]]>
    </line>
    <line>
      <![CDATA[<div "result">results of matching products are shown by order of customer rating (PASSED : 0s)</div>]]>
    </line>
    <line>
      <![CDATA[<div "result">customer sorts by customer rating (PASSED : 3s)</div>]]>
    </line>
    <line>
      <![CDATA[<div "result">customer searches by product: WEIGHTS using search feature (PASSED : 5s)</div>]]>
    </line>
    <line>
      <![CDATA[<div "result">results of matching products are shown by order of customer rating (PASSED : 0s)</div>]]>
    </line>
    <line>
      <![CDATA[<div "result">customer is on homepage (PASSED : 3s)</div>]]>
    </line>
    <line>
      <![CDATA[<div "result">customer is on homepage (PASSED : 3s)</div>]]>
    </line>
    <line>
      <![CDATA[<div "result">customer sorts by price low-to-high (PASSED : 4s)</div>]]>
    </line>
    <line>
      <![CDATA[<div "result">results of matching products are shown by order of price low-to-high (PASSED : 0s)</div>]]>
    </line>
    <line>
      <![CDATA[<div "result">customer searches by product: JEANS using search feature (PASSED : 5s)</div>]]>
    </line>
    <line>
      <![CDATA[<div "result">customer sorts by price high-to-low (PASSED : 3s)</div>]]>
    </line>
    <line>
      <![CDATA[<div "result">customer sorts by price low-to-high (PASSED : 3s)</div>]]>
    </line>
    <line>
      <![CDATA[<div "result">results of matching products are shown by order of price high-to-low (PASSED : 0s)</div>]]>
    </line>
    <line>
      <![CDATA[<div "result">customer searches by product: WEIGHTS using search feature (PASSED : 5s)</div>]]>
    </line>
    <line>
      <![CDATA[<div "result">results of matching products are shown by order of price low-to-high (PASSED : 0s)</div>]]>
    </line>
    <line>
      <![CDATA[<div "result">customer sorts by customer rating (PASSED : 2s)</div>]]>
    </line>
    <line>
      <![CDATA[<div "result">results of matching products are shown by order of customer rating (PASSED : 0s)</div>]]>
    </line>
    <line>
      <![CDATA[<div "result">customer sorts by price low-to-high (PASSED : 3s)</div>]]>
    </line>
    <line>
      <![CDATA[<div "result">results of matching products are shown by order of price low-to-high (PASSED : 0s)</div>]]>
    </line>
    <line>
      <![CDATA[<div "result">customer sorts by price high-to-low (PASSED : 3s)</div>]]>
    </line>
    <line>
      <![CDATA[<div "result">results of matching products are shown by order of price high-to-low (PASSED : 0s)</div>]]>
    </line>
    <line>
      <![CDATA[<div "result">customer is on homepage (PASSED : 2s)</div>]]>
    </line>
    <line>
      <![CDATA[<div "result">customer sorts by price high-to-low (PASSED : 2s)</div>]]>
    </line>
    <line>
      <![CDATA[<div "result">results of matching products are shown by order of price high-to-low (PASSED : 0s)</div>]]>
    </line>
    <line>
      <![CDATA[<div "result">customer sorts by customer rating (PASSED : 3s)</div>]]>
    </line>
    <line>
      <![CDATA[<div "result">results of matching products are shown by order of customer rating (PASSED : 0s)</div>]]>
    </line>
    <line>
      <![CDATA[<div "result">customer searches by product: JEANS using search feature (PASSED : 3s)</div>]]>
    </line>
    <line>
      <![CDATA[<div "result">customer sorts by customer rating (PASSED : 3s)</div>]]>
    </line>
    <line>
      <![CDATA[<div "result">results of matching products are shown by order of customer rating (PASSED : 0s)</div>]]>
    </line>
    <line>
      <![CDATA[<div "result">customer is on homepage (PASSED : 2s)</div>]]>
    </line>
    <line>
      <![CDATA[<div "result">customer sorts by price low-to-high (PASSED : 3s)</div>]]>
    </line>
    <line>
      <![CDATA[<div "result">results of matching products are shown by order of price low-to-high (PASSED : 0s)</div>]]>
    </line>
    <line>
      <![CDATA[<div "result">customer is on homepage (PASSED : 3s)</div>]]>
    </line>
    <line>
      <![CDATA[<div "result">customer sorts by price high-to-low (PASSED : 3s)</div>]]>
    </line>
    <line>
      <![CDATA[<div "result">results of matching products are shown by order of price high-to-low (PASSED : 0s)</div>]]>
    </line>
    <line>
      <![CDATA[<div "result">customer searches by product: RING using search feature (PASSED : 5s)</div>]]>
    </line>
    <line>
      <![CDATA[<div "result">customer searches by product: JEANS using search feature (PASSED : 4s)</div>]]>
    </line>
    <line>
      <![CDATA[<div "result">customer sorts by customer rating (PASSED : 2s)</div>]]>
    </line>
    <line>
      <![CDATA[<div "result">results of matching products are shown by order of customer rating (PASSED : 0s)</div>]]>
    </line>
    <line>
      <![CDATA[<div "result">customer sorts by price low-to-high (PASSED : 3s)</div>]]>
    </line>
    <line>
      <![CDATA[<div "result">results of matching products are shown by order of price low-to-high (PASSED : 0s)</div>]]>
    </line>
    <line>
      <![CDATA[<div "result">customer sorts by price low-to-high (PASSED : 3s)</div>]]>
    </line>
    <line>
      <![CDATA[<div "result">results of matching products are shown by order of price low-to-high (PASSED : 0s)</div>]]>
    </line>
    <line>
      <![CDATA[<div "result">customer is on homepage (PASSED : 2s)</div>]]>
    </line>
    <line>
      <![CDATA[<div "result">customer sorts by price high-to-low (PASSED : 2s)</div>]]>
    </line>
    <line>
      <![CDATA[<div "result">results of matching products are shown by order of price high-to-low (PASSED : 0s)</div>]]>
    </line>
    <line>
      <![CDATA[<div "result">customer sorts by price high-to-low (PASSED : 3s)</div>]]>
    </line>
    <line>
      <![CDATA[<div "result">results of matching products are shown by order of price high-to-low (PASSED : 0s)</div>]]>
    </line>
    <line>
      <![CDATA[<div "result">customer sorts by customer rating (PASSED : 2s)</div>]]>
    </line>
    <line>
      <![CDATA[<div "result">results of matching products are shown by order of customer rating (PASSED : 0s)</div>]]>
    </line>
    <line>
      <![CDATA[<div "result">customer searches by product: RING using search feature (PASSED : 3s)</div>]]>
    </line>
    <line>
      <![CDATA[<div "result">customer sorts by customer rating (PASSED : 2s)</div>]]>
    </line>
    <line>
      <![CDATA[<div "result">results of matching products are shown by order of customer rating (PASSED : 0s)</div>]]>
    </line>
    <line>
      <![CDATA[<div "result">customer sorts by price low-to-high (PASSED : 2s)</div>]]>
    </line>
    <line>
      <![CDATA[<div "result">results of matching products are shown by order of price low-to-high (PASSED : 0s)</div>]]>
    </line>
    <line>
      <![CDATA[<div "result">customer sorts by price high-to-low (PASSED : 3s)</div>]]>
    </line>
    <line>
      <![CDATA[<div "result">results of matching products are shown by order of price high-to-low (PASSED : 0s)</div>]]>
    </line>
    <line>
      <![CDATA[<div "result">customer is on homepage (PASSED : 4s)</div>]]>
    </line>
    <line>
      <![CDATA[<div "result">customer is on product page : COOKERS (PASSED : 9s)</div>]]>
    </line>
    <line>
      <![CDATA[<div "result">customer sorts by customer rating (PASSED : 2s)</div>]]>
    </line>
    <line>
      <![CDATA[<div "result">results of matching products are shown by order of customer rating (PASSED : 0s)</div>]]>
    </line>
    <line>
      <![CDATA[<div "result">customer searches by product: RING using search feature (PASSED : 4s)</div>]]>
    </line>
    <line>
      <![CDATA[<div "result">customer changes store location to : BL0 9JH (PASSED : 5s)</div>]]>
    </line>
    <line>
      <![CDATA[<div "result">customer sorts by price low-to-high (PASSED : 3s)</div>]]>
    </line>
    <line>
      <![CDATA[<div "result">results of matching products are shown by order of price low-to-high (PASSED : 0s)</div>]]>
    </line>
    <line>
      <![CDATA[<div "result">customer can see stock availability (PASSED : 0s)</div>]]>
    </line>
    <line>
      <![CDATA[<div "result">customer sorts by price high-to-low (PASSED : 3s)</div>]]>
    </line>
    <line>
      <![CDATA[<div "result">results of matching products are shown by order of price high-to-low (PASSED : 0s)</div>]]>
    </line>
    <line>
      <![CDATA[<div "result">customer is on product page : COOKERS (PASSED : 11s)</div>]]>
    </line>
    <line>
      <![CDATA[<div "result">customer sorts by customer rating (PASSED : 2s)</div>]]>
    </line>
    <line>
      <![CDATA[<div "result">results of matching products are shown by order of customer rating (PASSED : 0s)</div>]]>
    </line>
    <line>
      <![CDATA[<div "result">customer changes store location to : BL0 9JH (PASSED : 2s)</div>]]>
    </line>
    <line>
      <![CDATA[<div "result">customer can see stock availability (PASSED : 0s)</div>]]>
    </line>
    <line>
      <![CDATA[<div "result">customer is on product page : XBOX (PASSED : 10s)</div>]]>
    </line>
    <line>
      <![CDATA[<div "result">customer is on product page : COOKERS (PASSED : 12s)</div>]]>
    </line>
    <line>
      <![CDATA[<div "result">customer changes store location to : SE6 1SB (PASSED : 8s)</div>]]>
    </line>
    <line>
      <![CDATA[<div "result">customer can see stock availability (PASSED : 0s)</div>]]>
    </line>
    <line>
      <![CDATA[<div "result">customer is on product page : XBOX (PASSED : 12s)</div>]]>
    </line>
    <line>
      <![CDATA[<div "result">customer changes store location to : BL0 9JH (PASSED : 2s)</div>]]>
    </line>
    <line>
      <![CDATA[<div "result">customer can see stock availability (PASSED : 0s)</div>]]>
    </line>
    <line>
      <![CDATA[<div "result">customer changes store location to : SE6 1SB (PASSED : 2s)</div>]]>
    </line>
    <line>
      <![CDATA[<div "result">customer can see stock availability (PASSED : 0s)</div>]]>
    </line>
    <line>
      <![CDATA[<div "result">customer is on product page : PUSHCHAIR (PASSED : 10s)</div>]]>
    </line>
    <line>
      <![CDATA[<div "result">customer is on product page : XBOX (PASSED : 12s)</div>]]>
    </line>
    <line>
      <![CDATA[<div "result">customer changes store location to : SS1 2TW (PASSED : 7s)</div>]]>
    </line>
    <line>
      <![CDATA[<div "result">customer can see stock availability (PASSED : 0s)</div>]]>
    </line>
    <line>
      <![CDATA[<div "result">customer changes store location to : SE6 1SB (PASSED : 2s)</div>]]>
    </line>
    <line>
      <![CDATA[<div "result">customer can see stock availability (PASSED : 0s)</div>]]>
    </line>
    <line>
      <![CDATA[<div "result">customer is on product page : PUSHCHAIR (PASSED : 14s)</div>]]>
    </line>
    <line>
      <![CDATA[<div "result">customer changes store location to : SS1 2TW (PASSED : 3s)</div>]]>
    </line>
    <line>
      <![CDATA[<div "result">customer can see stock availability (PASSED : 0s)</div>]]>
    </line>
    <line>
      <![CDATA[<div "result">customer is on product page : SPIDERMAN (PASSED : 10s)</div>]]>
    </line>
    <line>
      <![CDATA[<div "result">customer is on product page : PUSHCHAIR (PASSED : 13s)</div>]]>
    </line>
    <line>
      <![CDATA[<div "result">customer is on product page : SPIDERMAN (PASSED : 12s)</div>]]>
    </line>
    <line>
      <![CDATA[<div "result">customer changes store location to : SS1 2TW (PASSED : 2s)</div>]]>
    </line>
    <line>
      <![CDATA[<div "result">customer can see stock availability (PASSED : 0s)</div>]]>
    </line>
    <line>
      <![CDATA[<div "result">customer changes store location to : FK7 7TZ (PASSED : 7s)</div>]]>
    </line>
    <line>
      <![CDATA[<div "result">customer can see stock availability (PASSED : 0s)</div>]]>
    </line>
    <line>
      <![CDATA[<div "result">customer changes store location to : FK7 7TZ (PASSED : 1s)</div>]]>
    </line>
    <line>
      <![CDATA[<div "result">customer can see stock availability (PASSED : 0s)</div>]]>
    </line>
    <line>
      <![CDATA[<div "result">customer is on homepage (PASSED : 3s)</div>]]>
    </line>
    <line>
      <![CDATA[<div "result">customer views basket (PASSED : 0s)</div>]]>
    </line>
    <line>
      <![CDATA[<div "result">customer is on homepage (PASSED : 3s)</div>]]>
    </line>
    <line>
      <![CDATA[<div "result">empty basket is shown (PASSED : 3s)</div>]]>
    </line>
    <line>
      <![CDATA[<div "result">customer views basket (PASSED : 8s)</div>]]>
    </line>
    <line>
      <![CDATA[<div "result">empty basket is shown (PASSED : 1s)</div>]]>
    </line>
    <line>
      <![CDATA[<div "result">customer is on product page : SPIDERMAN (PASSED : 16s)</div>]]>
    </line>
    <line>
      <![CDATA[<div "result">customer changes store location to : FK7 7TZ (PASSED : 3s)</div>]]>
    </line>
    <line>
      <![CDATA[<div "result">customer can see stock availability (PASSED : 0s)</div>]]>
    </line>
    <line>
      <![CDATA[<div "result">customer is on product page : XBOX (PASSED : 13s)</div>]]>
    </line>
    <line>
      <![CDATA[<div "result">customer is on homepage (PASSED : 3s)</div>]]>
    </line>
    <line>
      <![CDATA[<div "result">customer is on product page : XBOX (PASSED : 12s)</div>]]>
    </line>
    <line>
      <![CDATA[<div "result">adds product to basket (PASSED : 6s)</div>]]>
    </line>
    <line>
      <![CDATA[<div "result">customer views basket (PASSED : 2s)</div>]]>
    </line>
    <line>
      <![CDATA[<div "result">customer views basket (PASSED : 7s)</div>]]>
    </line>
    <line>
      <![CDATA[<div "result">adds product to basket (PASSED : 3s)</div>]]>
    </line>
    <line>
      <![CDATA[<div "result">empty basket is shown (PASSED : 2s)</div>]]>
    </line>
    <line>
      <![CDATA[<div "result">basket with 1 products and 1 quantity is shown (PASSED : 5s)</div>]]>
    </line>
    <line>
      <![CDATA[<div "result">customer views basket (PASSED : 5s)</div>]]>
    </line>
    <line>
      <![CDATA[<div "result">basket with 1 products and 1 quantity is shown (PASSED : 2s)</div>]]>
    </line>
    <line>
      <![CDATA[<div "result">customer is on product page : COOKERS (PASSED : 11s)</div>]]>
    </line>
    <line>
      <![CDATA[<div "result">customer is on product page : XBOX (PASSED : 15s)</div>]]>
    </line>
    <line>
      <![CDATA[<div "result">customer is on product page : COOKERS (PASSED : 13s)</div>]]>
    </line>
    <line>
      <![CDATA[<div "result">adds product to basket (PASSED : 5s)</div>]]>
    </line>
    <line>
      <![CDATA[<div "result">adds product to basket (PASSED : 7s)</div>]]>
    </line>
    <line>
      <![CDATA[<div "result">adds product to basket (PASSED : 4s)</div>]]>
    </line>
    <line>
      <![CDATA[<div "result">customer views basket (PASSED : 2s)</div>]]>
    </line>
    <line>
      <![CDATA[<div "result">customer views basket (PASSED : 6s)</div>]]>
    </line>
    <line>
      <![CDATA[<div "result">customer views basket (PASSED : 5s)</div>]]>
    </line>
    <line>
      <![CDATA[<div "result">basket with 1 products and 1 quantity is shown (PASSED : 5s)</div>]]>
    </line>
    <line>
      <![CDATA[<div "result">basket with 1 products and 1 quantity is shown (PASSED : 1s)</div>]]>
    </line>
    <line>
      <![CDATA[<div "result">basket with 1 products and 1 quantity is shown (PASSED : 4s)</div>]]>
    </line>
    <line>
      <![CDATA[<div "result">customer is on product page : PUSHCHAIR (PASSED : 13s)</div>]]>
    </line>
    <line>
      <![CDATA[<div "result">customer is on product page : PUSHCHAIR (PASSED : 13s)</div>]]>
    </line>
    <line>
      <![CDATA[<div "result">customer is on product page : COOKERS (PASSED : 13s)</div>]]>
    </line>
    <line>
      <![CDATA[<div "result">adds product to basket (PASSED : 5s)</div>]]>
    </line>
    <line>
      <![CDATA[<div "result">adds product to basket (PASSED : 4s)</div>]]>
    </line>
    <line>
      <![CDATA[<div "result">adds product to basket (PASSED : 8s)</div>]]>
    </line>
    <line>
      <![CDATA[<div "result">customer views basket (PASSED : 1s)</div>]]>
    </line>
    <line>
      <![CDATA[<div "result">customer views basket (PASSED : 7s)</div>]]>
    </line>
    <line>
      <![CDATA[<div "result">basket with 1 products and 1 quantity is shown (PASSED : 4s)</div>]]>
    </line>
    <line>
      <![CDATA[<div "result">customer views basket (PASSED : 7s)</div>]]>
    </line>
    <line>
      <![CDATA[<div "result">basket with 1 products and 1 quantity is shown (PASSED : 2s)</div>]]>
    </line>
    <line>
      <![CDATA[<div "result">basket with 1 products and 1 quantity is shown (PASSED : 1s)</div>]]>
    </line>
    <line>
      <![CDATA[<div "result">customer is on product page : SPIDERMAN (PASSED : 11s)</div>]]>
    </line>
    <line>
      <![CDATA[<div "result">customer is on product page : SPIDERMAN (PASSED : 13s)</div>]]>
    </line>
    <line>
      <![CDATA[<div "result">customer is on product page : PUSHCHAIR (PASSED : 15s)</div>]]>
    </line>
    <line>
      <![CDATA[<div "result">adds product to basket (PASSED : 7s)</div>]]>
    </line>
    <line>
      <![CDATA[<div "result">customer views basket (PASSED : 1s)</div>]]>
    </line>
    <line>
      <![CDATA[<div "result">adds product to basket (PASSED : 6s)</div>]]>
    </line>
    <line>
      <![CDATA[<div "result">adds product to basket (PASSED : 4s)</div>]]>
    </line>
    <line>
      <![CDATA[<div "result">customer views basket (PASSED : 2s)</div>]]>
    </line>
    <line>
      <![CDATA[<div "result">basket with 1 products and 1 quantity is shown (PASSED : 3s)</div>]]>
    </line>
    <line>
      <![CDATA[<div "result">basket with 1 products and 1 quantity is shown (PASSED : 1s)</div>]]>
    </line>
    <line>
      <![CDATA[<div "result">customer views basket (PASSED : 6s)</div>]]>
    </line>
    <line>
      <![CDATA[<div "result">basket with 1 products and 1 quantity is shown (PASSED : 2s)</div>]]>
    </line>
    <line>
      <![CDATA[<div "result">customer is on product page : FOOTBALL (PASSED : 11s)</div>]]>
    </line>
    <line>
      <![CDATA[<div "result">customer is on product page : FOOTBALL (PASSED : 13s)</div>]]>
    </line>
    <line>
      <![CDATA[<div "result">adds product to basket (PASSED : 6s)</div>]]>
    </line>
    <line>
      <![CDATA[<div "result">adds product to basket (PASSED : 3s)</div>]]>
    </line>
    <line>
      <![CDATA[<div "result">customer views basket (PASSED : 1s)</div>]]>
    </line>
    <line>
      <![CDATA[<div "result">customer is on product page : SPIDERMAN (PASSED : 12s)</div>]]>
    </line>
    <line>
      <![CDATA[<div "result">customer views basket (PASSED : 3s)</div>]]>
    </line>
    <line>
      <![CDATA[<div "result">basket with 1 products and 1 quantity is shown (PASSED : 3s)</div>]]>
    </line>
    <line>
      <![CDATA[<div "result">basket with 1 products and 1 quantity is shown (PASSED : 2s)</div>]]>
    </line>
    <line>
      <![CDATA[<div "result">adds product to basket (PASSED : 4s)</div>]]>
    </line>
    <line>
      <![CDATA[<div "result">customer views basket (PASSED : 4s)</div>]]>
    </line>
    <line>
      <![CDATA[<div "result">basket with 1 products and 1 quantity is shown (PASSED : 1s)</div>]]>
    </line>
    <line>
      <![CDATA[<div "result">customer is on product page : WEIGHTS (PASSED : 10s)</div>]]>
    </line>
    <line>
      <![CDATA[<div "result">customer is on product page : WEIGHTS (PASSED : 12s)</div>]]>
    </line>
    <line>
      <![CDATA[<div "result">adds product to basket (PASSED : 2s)</div>]]>
    </line>
    <line>
      <![CDATA[<div "result">adds product to basket (PASSED : 7s)</div>]]>
    </line>
    <line>
      <![CDATA[<div "result">customer views basket (PASSED : 1s)</div>]]>
    </line>
    <line>
      <![CDATA[<div "result">customer views basket (PASSED : 4s)</div>]]>
    </line>
    <line>
      <![CDATA[<div "result">customer is on product page : FOOTBALL (PASSED : 13s)</div>]]>
    </line>
    <line>
      <![CDATA[<div "result">basket with 1 products and 1 quantity is shown (PASSED : 1s)</div>]]>
    </line>
    <line>
      <![CDATA[<div "result">basket with 1 products and 1 quantity is shown (PASSED : 3s)</div>]]>
    </line>
    <line>
      <![CDATA[<div "result">adds product to basket (PASSED : 4s)</div>]]>
    </line>
    <line>
      <![CDATA[<div "result">customer views basket (PASSED : 6s)</div>]]>
    </line>
    <line>
      <![CDATA[<div "result">customer is on product page : JEANS (PASSED : 9s)</div>]]>
    </line>
    <line>
      <![CDATA[<div "result">basket with 1 products and 1 quantity is shown (PASSED : 1s)</div>]]>
    </line>
    <line>
      <![CDATA[<div "result">customer is on product page : JEANS (PASSED : 13s)</div>]]>
    </line>
    <line>
      <![CDATA[<div "result">adds product to basket (PASSED : 2s)</div>]]>
    </line>
    <line>
      <![CDATA[<div "result">adds product to basket (PASSED : 7s)</div>]]>
    </line>
    <line>
      <![CDATA[<div "result">customer views basket (PASSED : 1s)</div>]]>
    </line>
    <line>
      <![CDATA[<div "result">customer views basket (PASSED : 3s)</div>]]>
    </line>
    <line>
      <![CDATA[<div "result">basket with 1 products and 1 quantity is shown (PASSED : 1s)</div>]]>
    </line>
    <line>
      <![CDATA[<div "result">basket with 1 products and 1 quantity is shown (PASSED : 3s)</div>]]>
    </line>
    <line>
      <![CDATA[<div "result">customer is on product page : WEIGHTS (PASSED : 15s)</div>]]>
    </line>
    <line>
      <![CDATA[<div "result">adds product to basket (PASSED : 3s)</div>]]>
    </line>
    <line>
      <![CDATA[<div "result">customer is on product page : RING (PASSED : 9s)</div>]]>
    </line>
    <line>
      <![CDATA[<div "result">customer is on product page : RING (PASSED : 12s)</div>]]>
    </line>
    <line>
      <![CDATA[<div "result">adds product to basket (PENDING : 0s)</div>]]>
    </line>
    <line>
      <![CDATA[<div "result">customer views basket (SKIPPED)</div>]]>
    </line>
    <line>
      <![CDATA[<div "result">basket with 1 products and 1 quantity is shown (SKIPPED)</div>]]>
    </line>
    <line>
      <![CDATA[<div "result">customer views basket (PASSED : 4s)</div>]]>
    </line>
    <line>
      <![CDATA[<div "result">basket with 1 products and 1 quantity is shown (PASSED : 1s)</div>]]>
    </line>
    <line>
      <![CDATA[<div "result">adds product to basket (PENDING : 5s)</div>]]>
    </line>
    <line>
      <![CDATA[<div "result">customer views basket (SKIPPED)</div>]]>
    </line>
    <line>
      <![CDATA[<div "result">basket with 1 products and 1 quantity is shown (SKIPPED)</div>]]>
    </line>
    <line>
      <![CDATA[<div "result">customer is on product page : FOOTBALL (PASSED : 12s)</div>]]>
    </line>
    <line>
      <![CDATA[<div "result">customer is on product page : JEANS (PASSED : 12s)</div>]]>
    </line>
    <line>
      <![CDATA[<div "result">customer is on product page : FOOTBALL (PASSED : 10s)</div>]]>
    </line>
    <line>
      <![CDATA[<div "result">adds product to basket (PASSED : 3s)</div>]]>
    </line>
    <line>
      <![CDATA[<div "result">adds product: FOOTBALL to basket twice (PASSED : 6s)</div>]]>
    </line>
    <line>
      <![CDATA[<div "result">customer views basket (PASSED : 4s)</div>]]>
    </line>
    <line>
      <![CDATA[<div "result">basket with 1 products and 1 quantity is shown (PASSED : 1s)</div>]]>
    </line>
    <line>
      <![CDATA[<div "result">adds product: FOOTBALL to basket twice (PASSED : 9s)</div>]]>
    </line>
    <line>
      <![CDATA[<div "result">customer views basket (PASSED : 4s)</div>]]>
    </line>
    <line>
      <![CDATA[<div "result">customer views basket (PASSED : 1s)</div>]]>
    </line>
    <line>
      <![CDATA[<div "result">basket with 1 products and 2 quantity is shown (PASSED : 2s)</div>]]>
    </line>
    <line>
      <![CDATA[<div "result">customer changes quantity of first product to x10 (PASSED : 1s)</div>]]>
    </line>
    <line>
      <![CDATA[<div "result">basket with 1 products and 2 quantity is shown (PASSED : 3s)</div>]]>
    </line>
    <line>
      <![CDATA[<div "result">basket with 1 products and 10 quantity is shown (PASSED : 0s)</div>]]>
    </line>
    <line>
      <![CDATA[<div "result">customer changes quantity of first product to x10 (PASSED : 3s)</div>]]>
    </line>
    <line>
      <![CDATA[<div "result">basket with 1 products and 10 quantity is shown (PASSED : 0s)</div>]]>
    </line>
    <line>
      <![CDATA[<div "result">customer is on product page : RING (PASSED : 12s)</div>]]>
    </line>
    <line>
      <![CDATA[<div "result">adds product to basket (PENDING : 0s)</div>]]>
    </line>
    <line>
      <![CDATA[<div "result">customer views basket (SKIPPED)</div>]]>
    </line>
    <line>
      <![CDATA[<div "result">basket with 1 products and 1 quantity is shown (SKIPPED)</div>]]>
    </line>
    <line>
      <![CDATA[<div "result">customer is on product page : WEIGHTS (PASSED : 14s)</div>]]>
    </line>
    <line>
      <![CDATA[<div "result">customer is on product page : WEIGHTS (PASSED : 11s)</div>]]>
    </line>
    <line>
      <![CDATA[<div "result">adds product: WEIGHTS to basket twice (PASSED : 8s)</div>]]>
    </line>
    <line>
      <![CDATA[<div "result">customer is on product page : FOOTBALL (PASSED : 15s)</div>]]>
    </line>
    <line>
      <![CDATA[<div "result">adds product: WEIGHTS to basket twice (PASSED : 10s)</div>]]>
    </line>
    <line>
      <![CDATA[<div "result">customer views basket (PASSED : 0s)</div>]]>
    </line>
    <line>
      <![CDATA[<div "result">customer views basket (PASSED : 4s)</div>]]>
    </line>
    <line>
      <![CDATA[<div "result">basket with 1 products and 2 quantity is shown (PASSED : 0s)</div>]]>
    </line>
    <line>
      <![CDATA[<div "result">adds product: FOOTBALL to basket twice (PASSED : 5s)</div>]]>
    </line>
    <line>
      <![CDATA[<div "result">basket with 1 products and 2 quantity is shown (PASSED : 3s)</div>]]>
    </line>
    <line>
      <![CDATA[<div "result">customer changes quantity of first product to x10 (PASSED : 2s)</div>]]>
    </line>
    <line>
      <![CDATA[<div "result">customer views basket (PASSED : 3s)</div>]]>
    </line>
    <line>
      <![CDATA[<div "result">customer changes quantity of first product to x10 (PASSED : 3s)</div>]]>
    </line>
    <line>
      <![CDATA[<div "result">basket with 1 products and 10 quantity is shown (PASSED : 3s)</div>]]>
    </line>
    <line>
      <![CDATA[<div "result">basket with 1 products and 10 quantity is shown (PASSED : 0s)</div>]]>
    </line>
    <line>
      <![CDATA[<div "result">basket with 1 products and 2 quantity is shown (PASSED : 2s)</div>]]>
    </line>
    <line>
      <![CDATA[<div "result">customer changes quantity of first product to x10 (PASSED : 7s)</div>]]>
    </line>
    <line>
      <![CDATA[<div "result">customer is on product page : JEANS (PASSED : 8s)</div>]]>
    </line>
    <line>
      <![CDATA[<div "result">basket with 1 products and 10 quantity is shown (PASSED : 1s)</div>]]>
    </line>
    <line>
      <![CDATA[<div "result">customer is on product page : JEANS (PASSED : 16s)</div>]]>
    </line>
    <line>
      <![CDATA[<div "result">adds product: JEANS to basket twice (PASSED : 9s)</div>]]>
    </line>
    <line>
      <![CDATA[<div "result">customer views basket (PASSED : 0s)</div>]]>
    </line>
    <line>
      <![CDATA[<div "result">customer is on product page : WEIGHTS (PASSED : 13s)</div>]]>
    </line>
    <line>
      <![CDATA[<div "result">basket with 1 products and 2 quantity is shown (PASSED : 3s)</div>]]>
    </line>
    <line>
      <![CDATA[<div "result">adds product: JEANS to basket twice (PASSED : 7s)</div>]]>
    </line>
    <line>
      <![CDATA[<div "result">customer changes quantity of first product to x10 (PASSED : 3s)</div>]]>
    </line>
    <line>
      <![CDATA[<div "result">basket with 1 products and 10 quantity is shown (PASSED : 0s)</div>]]>
    </line>
    <line>
      <![CDATA[<div "result">customer views basket (PASSED : 4s)</div>]]>
    </line>
    <line>
      <![CDATA[<div "result">basket with 1 products and 2 quantity is shown (PASSED : 0s)</div>]]>
    </line>
    <line>
      <![CDATA[<div "result">customer is on homepage (PASSED : 3s)</div>]]>
    </line>
    <line>
      <![CDATA[<div "result">adds product: WEIGHTS to basket twice (PASSED : 7s)</div>]]>
    </line>
    <line>
      <![CDATA[<div "result">customer changes quantity of first product to x10 (PASSED : 2s)</div>]]>
    </line>
    <line>
      <![CDATA[<div "result">basket with 1 products and 10 quantity is shown (PASSED : 1s)</div>]]>
    </line>
    <line>
      <![CDATA[<div "result">customer views basket (PASSED : 5s)</div>]]>
    </line>
    <line>
      <![CDATA[<div "result">customer searches by product: PUSHCHAIR using search feature (PASSED : 6s)</div>]]>
    </line>
    <line>
      <![CDATA[<div "result">customer is on homepage (PASSED : 3s)</div>]]>
    </line>
    <line>
      <![CDATA[<div "result">basket with 1 products and 2 quantity is shown (PASSED : 3s)</div>]]>
    </line>
    <line>
      <![CDATA[<div "result">adds first product to basket x1 quantity (PASSED : 4s)</div>]]>
    </line>
    <line>
      <![CDATA[<div "result">customer searches by product: PUSHCHAIR using search feature (PASSED : 4s)</div>]]>
    </line>
    <line>
      <![CDATA[<div "result">adds second product to basket x1 quantity (PASSED : 4s)</div>]]>
    </line>
    <line>
      <![CDATA[<div "result">adds first product to basket x1 quantity (PASSED : 6s)</div>]]>
    </line>
    <line>
      <![CDATA[<div "result">customer views basket (PASSED : 3s)</div>]]>
    </line>
    <line>
      <![CDATA[<div "result">customer changes quantity of first product to x10 (PASSED : 9s)</div>]]>
    </line>
    <line>
      <![CDATA[<div "result">basket with 1 products and 10 quantity is shown (PASSED : 1s)</div>]]>
    </line>
    <line>
      <![CDATA[<div "result">basket with 2 products and 2 quantity is shown (PASSED : 3s)</div>]]>
    </line>
    <line>
      <![CDATA[<div "result">customer is on homepage (PASSED : 2s)</div>]]>
    </line>
    <line>
      <![CDATA[<div "result">adds second product to basket x1 quantity (PASSED : 7s)</div>]]>
    </line>
    <line>
      <![CDATA[<div "result">customer searches by product: SPIDERMAN using search feature (PASSED : 4s)</div>]]>
    </line>
    <line>
      <![CDATA[<div "result">customer is on product page : JEANS (PASSED : 13s)</div>]]>
    </line>
    <line>
      <![CDATA[<div "result">customer views basket (PASSED : 8s)</div>]]>
    </line>
    <line>
      <![CDATA[<div "result">adds first product to basket x1 quantity (PASSED : 4s)</div>]]>
    </line>
    <line>
      <![CDATA[<div "result">basket with 2 products and 2 quantity is shown (PASSED : 0s)</div>]]>
    </line>
    <line>
      <![CDATA[<div "result">customer is on homepage (PASSED : 3s)</div>]]>
    </line>
    <line>
      <![CDATA[<div "result">adds second product to basket x1 quantity (PASSED : 3s)</div>]]>
    </line>
    <line>
      <![CDATA[<div "result">adds product: JEANS to basket twice (PASSED : 6s)</div>]]>
    </line>
    <line>
      <![CDATA[<div "result">customer views basket (PASSED : 3s)</div>]]>
    </line>
    <line>
      <![CDATA[<div "result">customer searches by product: SPIDERMAN using search feature (PASSED : 4s)</div>]]>
    </line>
    <line>
      <![CDATA[<div "result">basket with 2 products and 2 quantity is shown (PASSED : 3s)</div>]]>
    </line>
    <line>
      <![CDATA[<div "result">customer views basket (PASSED : 4s)</div>]]>
    </line>
    <line>
      <![CDATA[<div "result">basket with 1 products and 2 quantity is shown (PASSED : 2s)</div>]]>
    </line>
    <line>
      <![CDATA[<div "result">customer is on homepage (PASSED : 3s)</div>]]>
    </line>
    <line>
      <![CDATA[<div "result">adds first product to basket x1 quantity (PASSED : 7s)</div>]]>
    </line>
    <line>
      <![CDATA[<div "result">customer changes quantity of first product to x10 (PASSED : 4s)</div>]]>
    </line>
    <line>
      <![CDATA[<div "result">customer searches by product: FOOTBALL using search feature (PASSED : 4s)</div>]]>
    </line>
    <line>
      <![CDATA[<div "result">basket with 1 products and 10 quantity is shown (PASSED : 1s)</div>]]>
    </line>
    <line>
      <![CDATA[<div "result">customer is on homepage (PASSED : 3s)</div>]]>
    </line>
    <line>
      <![CDATA[<div "result">adds first product to basket x1 quantity (PASSED : 3s)</div>]]>
    </line>
    <line>
      <![CDATA[<div "result">adds second product to basket x1 quantity (PASSED : 6s)</div>]]>
    </line>
    <line>
      <![CDATA[<div "result">adds second product to basket x1 quantity (PASSED : 3s)</div>]]>
    </line>
    <line>
      <![CDATA[<div "result">customer searches by product: PUSHCHAIR using search feature (PASSED : 3s)</div>]]>
    </line>
    <line>
      <![CDATA[<div "result">customer views basket (PASSED : 5s)</div>]]>
    </line>
    <line>
      <![CDATA[<div "result">customer views basket (PASSED : 3s)</div>]]>
    </line>
    <line>
      <![CDATA[<div "result">basket with 2 products and 2 quantity is shown (PASSED : 1s)</div>]]>
    </line>
    <line>
      <![CDATA[<div "result">adds first product to basket x1 quantity (PASSED : 4s)</div>]]>
    </line>
    <line>
      <![CDATA[<div "result">basket with 2 products and 2 quantity is shown (PASSED : 3s)</div>]]>
    </line>
    <line>
      <![CDATA[<div "result">customer is on homepage (PASSED : 2s)</div>]]>
    </line>
    <line>
      <![CDATA[<div "result">customer is on homepage (PASSED : 2s)</div>]]>
    </line>
    <line>
      <![CDATA[<div "result">adds second product to basket x1 quantity (PASSED : 4s)</div>]]>
    </line>
    <line>
      <![CDATA[<div "result">customer searches by product: FOOTBALL using search feature (PASSED : 4s)</div>]]>
    </line>
    <line>
      <![CDATA[<div "result">customer searches by product: XBOX using search feature (PASSED : 5s)</div>]]>
    </line>
    <line>
      <![CDATA[<div "result">customer views basket (PASSED : 7s)</div>]]>
    </line>
    <line>
      <![CDATA[<div "result">adds first product to basket x1 quantity (PASSED : 7s)</div>]]>
    </line>
    <line>
      <![CDATA[<div "result">basket with 2 products and 2 quantity is shown (PASSED : 2s)</div>]]>
    </line>
    <line>
      <![CDATA[<div "result">customer is on homepage (PASSED : 5s)</div>]]>
    </line>
    <line>
      <![CDATA[<div "result">adds second product to basket x1 quantity (PASSED : 6s)</div>]]>
    </line>
    <line>
      <![CDATA[<div "result">customer searches by product: SPIDERMAN using search feature (PASSED : 4s)</div>]]>
    </line>
    <line>
      <![CDATA[<div "result">customer views basket (PASSED : 5s)</div>]]>
    </line>
    <line>
      <![CDATA[<div "result">basket with 2 products and 2 quantity is shown (PASSED : 3s)</div>]]>
    </line>
    <line>
      <![CDATA[<div "result">adds first product to basket x1 quantity (PASSED : 5s)</div>]]>
    </line>
    <line>
      <![CDATA[<div "result">customer is on homepage (PASSED : 2s)</div>]]>
    </line>
    <line>
      <![CDATA[<div "result">adds first product to basket x2 quantity (PASSED : 24s)</div>]]>
    </line>
    <line>
      <![CDATA[<div "result">adds second product to basket x1 quantity (PASSED : 5s)</div>]]>
    </line>
    <line>
      <![CDATA[<div "result">customer searches by product: XBOX using search feature (PASSED : 5s)</div>]]>
    </line>
    <line>
      <![CDATA[<div "result">customer views basket (PASSED : 6s)</div>]]>
    </line>
    <line>
      <![CDATA[<div "result">basket with 2 products and 2 quantity is shown (PASSED : 4s)</div>]]>
    </line>
    <line>
      <![CDATA[<div "result">customer is on homepage (PASSED : 5s)</div>]]>
    </line>
    <line>
      <![CDATA[<div "result">customer searches by product: FOOTBALL using search feature (PASSED : 4s)</div>]]>
    </line>
    <line>
      <![CDATA[<div "result">adds second product to basket x2 quantity (PASSED : 24s)</div>]]>
    </line>
    <line>
      <![CDATA[<div "result">customer views basket (PASSED : 1s)</div>]]>
    </line>
    <line>
      <![CDATA[<div "result">adds first product to basket x1 quantity (PASSED : 4s)</div>]]>
    </line>
    <line>
      <![CDATA[<div "result">basket with 2 products and 4 quantity is shown (PASSED : 3s)</div>]]>
    </line>
    <line>
      <![CDATA[<div "result">customer removes firt product from basket (PASSED : 0s)</div>]]>
    </line>
    <line>
      <![CDATA[<div "result">basket with 1 products and 2 quantity is shown (PASSED : 3s)</div>]]>
    </line>
    <line>
      <![CDATA[<div "result">adds second product to basket x1 quantity (PASSED : 5s)</div>]]>
    </line>
    <line>
      <![CDATA[<div "result">adds first product to basket x2 quantity (PASSED : 31s)</div>]]>
    </line>
    <line>
      <![CDATA[<div "result">customer is on homepage (PASSED : 2s)</div>]]>
    </line>
    <line>
      <![CDATA[<div "result">customer searches by product: COOKERS using search feature (PASSED : 4s)</div>]]>
    </line>
    <line>
      <![CDATA[<div "result">customer views basket (PASSED : 7s)</div>]]>
    </line>
    <line>
      <![CDATA[<div "result">basket with 2 products and 2 quantity is shown (PASSED : 2s)</div>]]>
    </line>
    <line>
      <![CDATA[<div "result">customer is on homepage (PASSED : 5s)</div>]]>
    </line>
    <line>
      <![CDATA[<div "result">customer searches by product: XBOX using search feature (PASSED : 4s)</div>]]>
    </line>
    <line>
      <![CDATA[<div "result">adds first product to basket x2 quantity (PASSED : 24s)</div>]]>
    </line>
    <line>
      <![CDATA[<div "result">adds second product to basket x2 quantity (PASSED : 32s)</div>]]>
    </line>
    <line>
      <![CDATA[<div "result">customer views basket (PASSED : 7s)</div>]]>
    </line>
    <line>
      <![CDATA[<div "result">basket with 2 products and 4 quantity is shown (PASSED : 0s)</div>]]>
    </line>
    <line>
      <![CDATA[<div "result">adds first product to basket x2 quantity (PASSED : 26s)</div>]]>
    </line>
    <line>
      <![CDATA[<div "result">customer removes firt product from basket (PASSED : 5s)</div>]]>
    </line>
    <line>
      <![CDATA[<div "result">basket with 1 products and 2 quantity is shown (PASSED : 3s)</div>]]>
    </line>
    <line>
      <![CDATA[<div "result">customer is on homepage (PASSED : 2s)</div>]]>
    </line>
    <line>
      <![CDATA[<div "result">adds second product to basket x2 quantity (PASSED : 23s)</div>]]>
    </line>
    <line>
      <![CDATA[<div "result">customer views basket (PASSED : 1s)</div>]]>
    </line>
    <line>
      <![CDATA[<div "result">basket with 2 products and 4 quantity is shown (PASSED : 3s)</div>]]>
    </line>
    <line>
      <![CDATA[<div "result">customer removes firt product from basket (PASSED : 1s)</div>]]>
    </line>
    <line>
      <![CDATA[<div "result">customer searches by product: COOKERS using search feature (PASSED : 8s)</div>]]>
    </line>
    <line>
      <![CDATA[<div "result">basket with 1 products and 2 quantity is shown (PASSED : 3s)</div>]]>
    </line>
    <line>
      <![CDATA[<div "result">customer is on homepage (PASSED : 3s)</div>]]>
    </line>
    <line>
      <![CDATA[<div "result">adds second product to basket x2 quantity (PASSED : 23s)</div>]]>
    </line>
    <line>
      <![CDATA[<div "result">customer searches by product: JEANS using search feature (PASSED : 5s)</div>]]>
    </line>
    <line>
      <![CDATA[<div "result">customer views basket (PASSED : 4s)</div>]]>
    </line>
    <line>
      <![CDATA[<div "result">basket with 2 products and 4 quantity is shown (PASSED : 1s)</div>]]>
    </line>
    <line>
      <![CDATA[<div "result">customer removes firt product from basket (PASSED : 0s)</div>]]>
    </line>
    <line>
      <![CDATA[<div "result">adds first product to basket x2 quantity (PASSED : 27s)</div>]]>
    </line>
    <line>
      <![CDATA[<div "result">adds first product to basket x2 quantity (PASSED : 18s)</div>]]>
    </line>
    <line>
      <![CDATA[<div "result">adds second product to basket x2 quantity (PASSED : 18s)</div>]]>
    </line>
    <line>
      <![CDATA[<div "result">customer views basket (PASSED : 1s)</div>]]>
    </line>
    <line>
      <![CDATA[<div "result">basket with 2 products and 4 quantity is shown (PASSED : 2s)</div>]]>
    </line>
    <line>
      <![CDATA[<div "result">customer removes firt product from basket (PASSED : 0s)</div>]]>
    </line>
    <line>
      <![CDATA[<div "result">basket with 1 products and 2 quantity is shown (PASSED : 2s)</div>]]>
    </line>
    <line>
      <![CDATA[<div "result">customer is on homepage (PASSED : 2s)</div>]]>
    </line>
    <line>
      <![CDATA[<div "result">adds second product to basket x2 quantity (PASSED : 31s)</div>]]>
    </line>
    <line>
      <![CDATA[<div "result">customer clicks on category: TECHNOLOGY in the menu (PASSED : 0s)</div>]]>
    </line>
    <line>
      <![CDATA[<div "result">category splash screen is shown (PASSED : 3s)</div>]]>
    </line>
    <line>
      <![CDATA[<div "result">customer is on homepage (PASSED : 2s)</div>]]>
    </line>
    <line>
      <![CDATA[<div "result">customer clicks on category: HOME AND GARDEN in the menu (PASSED : 0s)</div>]]>
    </line>
    <line>
      <![CDATA[<div "result">customer views basket (PASSED : 8s)</div>]]>
    </line>
    <line>
      <![CDATA[<div "result">category splash screen is shown (PASSED : 3s)</div>]]>
    </line>
    <line>
      <![CDATA[<div "result">basket with 2 products and 4 quantity is shown (PASSED : 2s)</div>]]>
    </line>
    <line>
      <![CDATA[<div "result">customer is on homepage (PASSED : 2s)</div>]]>
    </line>
    <line>
      <![CDATA[<div "result">customer clicks on category: BABY AND NURSERY in the menu (PASSED : 0s)</div>]]>
    </line>
    <line>
      <![CDATA[<div "result">customer removes firt product from basket (PASSED : 2s)</div>]]>
    </line>
    <line>
      <![CDATA[<div "result">basket with 1 products and 2 quantity is shown (PASSED : 0s)</div>]]>
    </line>
    <line>
      <![CDATA[<div "result">category splash screen is shown (PASSED : 4s)</div>]]>
    </line>
    <line>
      <![CDATA[<div "result">basket with 1 products and 2 quantity is shown (FAILED : 61s)</div>]]>
    </line>
    <line>
      <![CDATA[<div "result">customer is on homepage (PASSED : 3s)</div>]]>
    </line>
    <line>
      <![CDATA[<div "result">customer is on homepage (PASSED : 3s)</div>]]>
    </line>
    <line>
      <![CDATA[<div "result">customer clicks on category: TOYS in the menu (PASSED : 0s)</div>]]>
    </line>
    <line>
      <![CDATA[<div "result">customer is on homepage (PASSED : 4s)</div>]]>
    </line>
    <line>
      <![CDATA[<div "result">category splash screen is shown (PASSED : 4s)</div>]]>
    </line>
    <line>
      <![CDATA[<div "result">customer searches by product: JEANS using search feature (PASSED : 7s)</div>]]>
    </line>
    <line>
      <![CDATA[<div "result">customer searches by product: COOKERS using search feature (PASSED : 4s)</div>]]>
    </line>
    <line>
      <![CDATA[<div "result">customer is on homepage (PASSED : 3s)</div>]]>
    </line>
    <line>
      <![CDATA[<div "result">customer clicks on category: SPORTS AND LEISURE in the menu (PASSED : 0s)</div>]]>
    </line>
    <line>
      <![CDATA[<div "result">category splash screen is shown (PASSED : 4s)</div>]]>
    </line>
    <line>
      <![CDATA[<div "result">customer is on homepage (PASSED : 2s)</div>]]>
    </line>
    <line>
      <![CDATA[<div "result">customer clicks on category: HEALTH AND BEAUTY in the menu (PASSED : 0s)</div>]]>
    </line>
    <line>
      <![CDATA[<div "result">category splash screen is shown (PASSED : 5s)</div>]]>
    </line>
    <line>
      <![CDATA[<div "result">customer is on homepage (PASSED : 3s)</div>]]>
    </line>
    <line>
      <![CDATA[<div "result">customer clicks on category: CLOTHING in the menu (PASSED : 0s)</div>]]>
    </line>
    <line>
      <![CDATA[<div "result">adds first product to basket x2 quantity (PASSED : 21s)</div>]]>
    </line>
    <line>
      <![CDATA[<div "result">category splash screen is shown (PASSED : 4s)</div>]]>
    </line>
    <line>
      <![CDATA[<div "result">customer is on homepage (PASSED : 3s)</div>]]>
    </line>
    <line>
      <![CDATA[<div "result">customer clicks on category: JEWELLERY AND WATCHES in the menu (PASSED : 0s)</div>]]>
    </line>
    <line>
      <![CDATA[<div "result">adds first product to basket x2 quantity (PASSED : 31s)</div>]]>
    </line>
    <line>
      <![CDATA[<div "result">category splash screen is shown (PASSED : 4s)</div>]]>
    </line>
    <line>
      <![CDATA[<div "result">customer is on homepage (PASSED : 3s)</div>]]>
    </line>
    <line>
[...]
            </line>
            <line>
              <![CDATA[<div "result">results of matching products are shown by order of popularity (PASSED : 3s)</div>]]>
            </line>
          </reporter-output>
        </test-method> <!-- scenario -->
        <test-method status="PASS" signature="scenario(cucumber.api.testng.PickleEventWrapper, cucumber.api.testng.CucumberFeatureWrapper)[pri:0, instance:integrationTests.cucumber.Runner@4667ae56]" name="scenario" duration-ms="7988" started-at="2018-06-27T16:05:28Z" description="Runs Cucumber Scenarios" data-provider="scenarios" finished-at="2018-06-27T16:05:36Z">
          <params>
            <param index="0">
              <value>
                <![CDATA["customer searches for category using misspelling"]]>
              </value>
            </param>
            <param index="1">
              <value>
                <![CDATA["CategorySearch"]]>
              </value>
            </param>
          </params>
          <reporter-output>
            <line>
              <![CDATA[<div "result">customer is on homepage (PASSED : 1s)</div>]]>
            </line>
            <line>
              <![CDATA[<div "result">customer searches and misspells &lt;category&gt; with NERSERY using search feature (PASSED : 2s)</div>]]>
            </line>
            <line>
              <![CDATA[<div "result">results of matching products are shown by order of popularity (PASSED : 3s)</div>]]>
            </line>
          </reporter-output>
        </test-method> <!-- scenario -->
        <test-method status="PASS" signature="scenario(cucumber.api.testng.PickleEventWrapper, cucumber.api.testng.CucumberFeatureWrapper)[pri:0, instance:integrationTests.cucumber.Runner@4667ae56]" name="scenario" duration-ms="8266" started-at="2018-06-27T16:05:36Z" description="Runs Cucumber Scenarios" data-provider="scenarios" finished-at="2018-06-27T16:05:44Z">
          <params>
            <param index="0">
              <value>
                <![CDATA["customer searches for category using misspelling"]]>
              </value>
            </param>
            <param index="1">
              <value>
                <![CDATA["CategorySearch"]]>
              </value>
            </param>
          </params>
          <reporter-output>
            <line>
              <![CDATA[<div "result">customer is on homepage (PASSED : 1s)</div>]]>
            </line>
            <line>
              <![CDATA[<div "result">customer searches and misspells &lt;category&gt; with TOIS using search feature (PASSED : 3s)</div>]]>
            </line>
            <line>
              <![CDATA[<div "result">results of matching products are shown by order of popularity (PASSED : 2s)</div>]]>
            </line>
          </reporter-output>
        </test-method> <!-- scenario -->
        <test-method status="PASS" signature="scenario(cucumber.api.testng.PickleEventWrapper, cucumber.api.testng.CucumberFeatureWrapper)[pri:0, instance:integrationTests.cucumber.Runner@4667ae56]" name="scenario" duration-ms="8312" started-at="2018-06-27T16:05:44Z" description="Runs Cucumber Scenarios" data-provider="scenarios" finished-at="2018-06-27T16:05:53Z">
          <params>
            <param index="0">
              <value>
                <![CDATA["customer searches for category using misspelling"]]>
              </value>
            </param>
            <param index="1">
              <value>
                <![CDATA["CategorySearch"]]>
              </value>
            </param>
          </params>
          <reporter-output>
            <line>
              <![CDATA[<div "result">customer is on homepage (PASSED : 1s)</div>]]>
            </line>
            <line>
              <![CDATA[<div "result">customer searches and misspells &lt;category&gt; with LESSURE using search feature (PASSED : 2s)</div>]]>
            </line>
            <line>
              <![CDATA[<div "result">results of matching products are shown by order of popularity (PASSED : 3s)</div>]]>
            </line>
          </reporter-output>
        </test-method> <!-- scenario -->
        <test-method status="PASS" signature="scenario(cucumber.api.testng.PickleEventWrapper, cucumber.api.testng.CucumberFeatureWrapper)[pri:0, instance:integrationTests.cucumber.Runner@4667ae56]" name="scenario" duration-ms="8375" started-at="2018-06-27T16:05:53Z" description="Runs Cucumber Scenarios" data-provider="scenarios" finished-at="2018-06-27T16:06:01Z">
          <params>
            <param index="0">
              <value>
                <![CDATA["customer searches for category using misspelling"]]>
              </value>
            </param>
            <param index="1">
              <value>
                <![CDATA["CategorySearch"]]>
              </value>
            </param>
          </params>
          <reporter-output>
            <line>
              <![CDATA[<div "result">customer is on homepage (PASSED : 1s)</div>]]>
            </line>
            <line>
              <![CDATA[<div "result">customer searches and misspells &lt;category&gt; with helth using search feature (PASSED : 2s)</div>]]>
            </line>
            <line>
              <![CDATA[<div "result">results of matching products are shown by order of popularity (PASSED : 3s)</div>]]>
            </line>
          </reporter-output>
        </test-method> <!-- scenario -->
        <test-method status="PASS" signature="scenario(cucumber.api.testng.PickleEventWrapper, cucumber.api.testng.CucumberFeatureWrapper)[pri:0, instance:integrationTests.cucumber.Runner@4667ae56]" name="scenario" duration-ms="8051" started-at="2018-06-27T16:06:01Z" description="Runs Cucumber Scenarios" data-provider="scenarios" finished-at="2018-06-27T16:06:09Z">
          <params>
            <param index="0">
              <value>
                <![CDATA["customer searches for category using misspelling"]]>
              </value>
            </param>
            <param index="1">
              <value>
                <![CDATA["CategorySearch"]]>
              </value>
            </param>
          </params>
          <reporter-output>
            <line>
              <![CDATA[<div "result">customer is on homepage (PASSED : 1s)</div>]]>
            </line>
            <line>
              <![CDATA[<div "result">customer searches and misspells &lt;category&gt; with CLOTHIN using search feature (PASSED : 2s)</div>]]>
            </line>
            <line>
              <![CDATA[<div "result">results of matching products are shown by order of popularity (PASSED : 3s)</div>]]>
            </line>
          </reporter-output>
        </test-method> <!-- scenario -->
        <test-method status="PASS" signature="scenario(cucumber.api.testng.PickleEventWrapper, cucumber.api.testng.CucumberFeatureWrapper)[pri:0, instance:integrationTests.cucumber.Runner@4667ae56]" name="scenario" duration-ms="8490" started-at="2018-06-27T16:06:09Z" description="Runs Cucumber Scenarios" data-provider="scenarios" finished-at="2018-06-27T16:06:18Z">
          <params>
            <param index="0">
              <value>
                <![CDATA["customer searches for category using misspelling"]]>
              </value>
            </param>
            <param index="1">
              <value>
                <![CDATA["CategorySearch"]]>
              </value>
            </param>
          </params>
          <reporter-output>
            <line>
              <![CDATA[<div "result">customer is on homepage (PASSED : 1s)</div>]]>
            </line>
            <line>
              <![CDATA[<div "result">customer searches and misspells &lt;category&gt; with JEWLERY using search feature (PASSED : 2s)</div>]]>
            </line>
            <line>
              <![CDATA[<div "result">results of matching products are shown by order of popularity (PASSED : 3s)</div>]]>
            </line>
          </reporter-output>
        </test-method> <!-- scenario -->
        <test-method status="PASS" signature="scenario(cucumber.api.testng.PickleEventWrapper, cucumber.api.testng.CucumberFeatureWrapper)[pri:0, instance:integrationTests.cucumber.Runner@4667ae56]" name="scenario" duration-ms="7876" started-at="2018-06-27T16:06:18Z" description="Runs Cucumber Scenarios" data-provider="scenarios" finished-at="2018-06-27T16:06:26Z">
          <params>
            <param index="0">
              <value>
                <![CDATA["customer searches for unrecognised category"]]>
              </value>
            </param>
            <param index="1">
              <value>
                <![CDATA["CategorySearch"]]>
              </value>
            </param>
          </params>
          <reporter-output>
            <line>
              <![CDATA[<div "result">customer is on homepage (PASSED : 2s)</div>]]>
            </line>
            <line>
              <![CDATA[<div "result">customer searches for unrecognised category: gdfgdfe using search feature (PASSED : 3s)</div>]]>
            </line>
            <line>
              <![CDATA[<div "result">no search results page is shown (PASSED : 1s)</div>]]>
            </line>
          </reporter-output>
        </test-method> <!-- scenario -->
        <test-method status="PASS" signature="scenario(cucumber.api.testng.PickleEventWrapper, cucumber.api.testng.CucumberFeatureWrapper)[pri:0, instance:integrationTests.cucumber.Runner@4667ae56]" name="scenario" duration-ms="7714" started-at="2018-06-27T16:06:26Z" description="Runs Cucumber Scenarios" data-provider="scenarios" finished-at="2018-06-27T16:06:33Z">
          <params>
            <param index="0">
              <value>
                <![CDATA["customer searches for unrecognised category"]]>
              </value>
            </param>
            <param index="1">
              <value>
                <![CDATA["CategorySearch"]]>
              </value>
            </param>
          </params>
          <reporter-output>
            <line>
              <![CDATA[<div "result">customer is on homepage (PASSED : 1s)</div>]]>
            </line>
            <line>
              <![CDATA[<div "result">customer searches for unrecognised category: 12332432 using search feature (PASSED : 1s)</div>]]>
            </line>
            <line>
              <![CDATA[<div "result">no search results page is shown (PASSED : 4s)</div>]]>
            </line>
          </reporter-output>
        </test-method> <!-- scenario -->
        <test-method status="PASS" signature="scenario(cucumber.api.testng.PickleEventWrapper, cucumber.api.testng.CucumberFeatureWrapper)[pri:0, instance:integrationTests.cucumber.Runner@4667ae56]" name="scenario" duration-ms="5308" started-at="2018-06-27T16:06:33Z" description="Runs Cucumber Scenarios" data-provider="scenarios" finished-at="2018-06-27T16:06:39Z">
          <params>
            <param index="0">
              <value>
                <![CDATA["customer searches for unrecognised category"]]>
              </value>
            </param>
            <param index="1">
              <value>
                <![CDATA["CategorySearch"]]>
              </value>
            </param>
          </params>
          <reporter-output>
            <line>
              <![CDATA[<div "result">customer is on homepage (PASSED : 1s)</div>]]>
            </line>
            <line>
              <![CDATA[<div "result">customer searches for unrecognised category: xxxxxxx using search feature (PASSED : 2s)</div>]]>
            </line>
            <line>
              <![CDATA[<div "result">no search results page is shown (PASSED : 1s)</div>]]>
            </line>
          </reporter-output>
        </test-method> <!-- scenario -->
        <test-method status="PASS" signature="scenario(cucumber.api.testng.PickleEventWrapper, cucumber.api.testng.CucumberFeatureWrapper)[pri:0, instance:integrationTests.cucumber.Runner@4667ae56]" name="scenario" duration-ms="6126" started-at="2018-06-27T16:06:39Z" description="Runs Cucumber Scenarios" data-provider="scenarios" finished-at="2018-06-27T16:06:45Z">
          <params>
            <param index="0">
              <value>
                <![CDATA["customer searches for unrecognised category"]]>
              </value>
            </param>
            <param index="1">
              <value>
                <![CDATA["CategorySearch"]]>
              </value>
            </param>
          </params>
          <reporter-output>
            <line>
              <![CDATA[<div "result">customer is on homepage (PASSED : 1s)</div>]]>
            </line>
            <line>
              <![CDATA[<div "result">customer searches for unrecognised category: TBYSPOS using search feature (PASSED : 2s)</div>]]>
            </line>
            <line>
              <![CDATA[<div "result">no search results page is shown (PASSED : 1s)</div>]]>
            </line>
          </reporter-output>
        </test-method> <!-- scenario -->
        <test-method status="PASS" signature="scenario(cucumber.api.testng.PickleEventWrapper, cucumber.api.testng.CucumberFeatureWrapper)[pri:0, instance:integrationTests.cucumber.Runner@4667ae56]" name="scenario" duration-ms="5497" started-at="2018-06-27T16:06:45Z" description="Runs Cucumber Scenarios" data-provider="scenarios" finished-at="2018-06-27T16:06:50Z">
          <params>
            <param index="0">
              <value>
                <![CDATA["customer searches for unrecognised category"]]>
              </value>
            </param>
            <param index="1">
              <value>
                <![CDATA["CategorySearch"]]>
              </value>
            </param>
          </params>
          <reporter-output>
            <line>
              <![CDATA[<div "result">customer is on homepage (PASSED : 1s)</div>]]>
            </line>
            <line>
              <![CDATA[<div "result">customer searches for unrecognised category: SPOSPO using search feature (PASSED : 1s)</div>]]>
            </line>
            <line>
              <![CDATA[<div "result">no search results page is shown (PASSED : 1s)</div>]]>
            </line>
          </reporter-output>
        </test-method> <!-- scenario -->
        <test-method status="PASS" signature="scenario(cucumber.api.testng.PickleEventWrapper, cucumber.api.testng.CucumberFeatureWrapper)[pri:0, instance:integrationTests.cucumber.Runner@4667ae56]" name="scenario" duration-ms="6379" started-at="2018-06-27T16:06:50Z" description="Runs Cucumber Scenarios" data-provider="scenarios" finished-at="2018-06-27T16:06:57Z">
          <params>
            <param index="0">
              <value>
                <![CDATA["customer searches for unrecognised category"]]>
              </value>
            </param>
            <param index="1">
              <value>
                <![CDATA["CategorySearch"]]>
              </value>
            </param>
          </params>
          <reporter-output>
            <line>
              <![CDATA[<div "result">customer is on homepage (PASSED : 1s)</div>]]>
            </line>
            <line>
              <![CDATA[<div "result">customer searches for unrecognised category: AND AND AND using search feature (PASSED : 2s)</div>]]>
            </line>
            <line>
              <![CDATA[<div "result">no search results page is shown (PASSED : 1s)</div>]]>
            </line>
          </reporter-output>
        </test-method> <!-- scenario -->
        <test-method status="PASS" signature="scenario(cucumber.api.testng.PickleEventWrapper, cucumber.api.testng.CucumberFeatureWrapper)[pri:0, instance:integrationTests.cucumber.Runner@4667ae56]" name="scenario" duration-ms="7905" started-at="2018-06-27T16:06:57Z" description="Runs Cucumber Scenarios" data-provider="scenarios" finished-at="2018-06-27T16:07:05Z">
          <params>
            <param index="0">
              <value>
                <![CDATA["customer searches for unrecognised category"]]>
              </value>
            </param>
            <param index="1">
              <value>
                <![CDATA["CategorySearch"]]>
              </value>
            </param>
          </params>
          <reporter-output>
            <line>
              <![CDATA[<div "result">customer is on homepage (PASSED : 1s)</div>]]>
            </line>
            <line>
              <![CDATA[<div "result">customer searches for unrecognised category: OR OR OR using search feature (PASSED : 3s)</div>]]>
            </line>
            <line>
              <![CDATA[<div "result">no search results page is shown (PASSED : 3s)</div>]]>
            </line>
          </reporter-output>
        </test-method> <!-- scenario -->
        <test-method status="PASS" signature="scenario(cucumber.api.testng.PickleEventWrapper, cucumber.api.testng.CucumberFeatureWrapper)[pri:0, instance:integrationTests.cucumber.Runner@4667ae56]" name="scenario" duration-ms="5294" started-at="2018-06-27T16:07:05Z" description="Runs Cucumber Scenarios" data-provider="scenarios" finished-at="2018-06-27T16:07:10Z">
          <params>
            <param index="0">
              <value>
                <![CDATA["customer searches for unrecognised category"]]>
              </value>
            </param>
            <param index="1">
              <value>
                <![CDATA["CategorySearch"]]>
              </value>
            </param>
          </params>
          <reporter-output>
            <line>
              <![CDATA[<div "result">customer is on homepage (PASSED : 1s)</div>]]>
            </line>
            <line>
              <![CDATA[<div "result">customer searches for unrecognised category: @@@ using search feature (PASSED : 1s)</div>]]>
            </line>
            <line>
              <![CDATA[<div "result">no search results page is shown (PASSED : 1s)</div>]]>
            </line>
          </reporter-output>
        </test-method> <!-- scenario -->
        <test-method status="PASS" signature="scenario(cucumber.api.testng.PickleEventWrapper, cucumber.api.testng.CucumberFeatureWrapper)[pri:0, instance:integrationTests.cucumber.Runner@4667ae56]" name="scenario" duration-ms="3636" started-at="2018-06-27T16:07:10Z" description="Runs Cucumber Scenarios" data-provider="scenarios" finished-at="2018-06-27T16:07:13Z">
          <params>
            <param index="0">
              <value>
                <![CDATA["Customer able to see all key features on homepage"]]>
              </value>
            </param>
            <param index="1">
              <value>
                <![CDATA["Homepage"]]>
              </value>
            </param>
          </params>
          <reporter-output>
            <line>
              <![CDATA[<div "result">customer is on homepage (PASSED : 1s)</div>]]>
            </line>
            <line>
              <![CDATA[<div "result">all key homepage elements are shown (PASSED : 2s)</div>]]>
            </line>
          </reporter-output>
        </test-method> <!-- scenario -->
        <test-method status="PASS" signature="tearDownClass()[pri:0, instance:integrationTests.cucumber.Runner@4667ae56]" name="tearDownClass" is-config="true" duration-ms="11640" started-at="2018-06-27T16:07:13Z" finished-at="2018-06-27T16:07:25Z">
          <reporter-output>
          </reporter-output>
        </test-method> <!-- tearDownClass -->
      </class> <!-- integrationTests.cucumber.Runner -->
    </test> <!-- windows firefox -->
  </suite> <!-- Environment config tsts -->
</testng-results>
