<?xml version="1.0" encoding="UTF-8"?>
<!-- Generated by org.testng.reporters.JUnitXMLReporter -->
<testsuite hostname="DESKTOP-KQS99BN" ignored="0" name="windows firefox" tests="86" failures="0" timestamp="27 Jun 2018 15:07:25 GMT" time="1733.932" errors="0">
  <testcase name="scenario" time="8.765" classname="integrationTests.cucumber.Runner"/>
  <testcase name="scenario" time="24.089" classname="integrationTests.cucumber.Runner"/>
  <testcase name="scenario" time="14.507" classname="integrationTests.cucumber.Runner"/>
  <testcase name="scenario" time="19.878" classname="integrationTests.cucumber.Runner"/>
  <testcase name="scenario" time="21.57" classname="integrationTests.cucumber.Runner"/>
  <testcase name="scenario" time="19.894" classname="integrationTests.cucumber.Runner"/>
  <testcase name="scenario" time="16.715" classname="integrationTests.cucumber.Runner"/>
  <testcase name="scenario" time="17.859" classname="integrationTests.cucumber.Runner"/>
  <testcase name="scenario" time="17.197" classname="integrationTests.cucumber.Runner"/>
  <testcase name="scenario" time="24.92" classname="integrationTests.cucumber.Runner"/>
  <testcase name="scenario" time="23.952" classname="integrationTests.cucumber.Runner"/>
  <testcase name="scenario" time="27.792" classname="integrationTests.cucumber.Runner"/>
  <testcase name="scenario" time="19.228" classname="integrationTests.cucumber.Runner"/>
  <testcase name="scenario" time="21.299" classname="integrationTests.cucumber.Runner"/>
  <testcase name="scenario" time="21.078" classname="integrationTests.cucumber.Runner"/>
  <testcase name="scenario" time="16.385" classname="integrationTests.cucumber.Runner"/>
  <testcase name="scenario" time="15.863" classname="integrationTests.cucumber.Runner"/>
  <testcase name="scenario" time="14.453" classname="integrationTests.cucumber.Runner"/>
  <testcase name="scenario" time="14.535" classname="integrationTests.cucumber.Runner"/>
  <testcase name="scenario" time="17.811" classname="integrationTests.cucumber.Runner"/>
  <testcase name="scenario" time="14.526" classname="integrationTests.cucumber.Runner"/>
  <testcase name="scenario" time="13.503" classname="integrationTests.cucumber.Runner"/>
  <testcase name="scenario" time="24.446" classname="integrationTests.cucumber.Runner"/>
  <testcase name="scenario" time="24.011" classname="integrationTests.cucumber.Runner"/>
  <testcase name="scenario" time="28.267" classname="integrationTests.cucumber.Runner"/>
  <testcase name="scenario" time="24.755" classname="integrationTests.cucumber.Runner"/>
  <testcase name="scenario" time="21.939" classname="integrationTests.cucumber.Runner"/>
  <testcase name="scenario" time="20.892" classname="integrationTests.cucumber.Runner"/>
  <testcase name="scenario" time="21.552" classname="integrationTests.cucumber.Runner"/>
  <testcase name="scenario" time="12.849" classname="integrationTests.cucumber.Runner">
    <skipped/>
  </testcase> <!-- scenario -->
  <testcase name="scenario" time="28.175" classname="integrationTests.cucumber.Runner"/>
  <testcase name="scenario" time="34.219" classname="integrationTests.cucumber.Runner"/>
  <testcase name="scenario" time="33.325" classname="integrationTests.cucumber.Runner"/>
  <testcase name="scenario" time="30.862" classname="integrationTests.cucumber.Runner"/>
  <testcase name="scenario" time="29.426" classname="integrationTests.cucumber.Runner"/>
  <testcase name="scenario" time="29.725" classname="integrationTests.cucumber.Runner"/>
  <testcase name="scenario" time="88.756" classname="integrationTests.cucumber.Runner"/>
  <testcase name="scenario" time="84.562" classname="integrationTests.cucumber.Runner"/>
  <testcase name="scenario" time="92.889" classname="integrationTests.cucumber.Runner"/>
  <testcase name="scenario" time="9.642" classname="integrationTests.cucumber.Runner"/>
  <testcase name="scenario" time="9.515" classname="integrationTests.cucumber.Runner"/>
  <testcase name="scenario" time="15.773" classname="integrationTests.cucumber.Runner"/>
  <testcase name="scenario" time="10.13" classname="integrationTests.cucumber.Runner"/>
  <testcase name="scenario" time="10.056" classname="integrationTests.cucumber.Runner"/>
  <testcase name="scenario" time="15.435" classname="integrationTests.cucumber.Runner"/>
  <testcase name="scenario" time="15.172" classname="integrationTests.cucumber.Runner"/>
  <testcase name="scenario" time="16.678" classname="integrationTests.cucumber.Runner"/>
  <testcase name="scenario" time="18.233" classname="integrationTests.cucumber.Runner"/>
  <testcase name="scenario" time="189.971" classname="integrationTests.cucumber.Runner">
    <skipped/>
  </testcase> <!-- scenario -->
  <testcase name="scenario" time="15.562" classname="integrationTests.cucumber.Runner"/>
  <testcase name="scenario" time="13.294" classname="integrationTests.cucumber.Runner"/>
  <testcase name="scenario" time="15.088" classname="integrationTests.cucumber.Runner"/>
  <testcase name="scenario" time="14.14" classname="integrationTests.cucumber.Runner"/>
  <testcase name="scenario" time="13.816" classname="integrationTests.cucumber.Runner"/>
  <testcase name="scenario" time="13.283" classname="integrationTests.cucumber.Runner"/>
  <testcase name="scenario" time="13.659" classname="integrationTests.cucumber.Runner"/>
  <testcase name="scenario" time="12.563" classname="integrationTests.cucumber.Runner"/>
  <testcase name="scenario" time="14.936" classname="integrationTests.cucumber.Runner"/>
  <testcase name="scenario" time="14.244" classname="integrationTests.cucumber.Runner"/>
  <testcase name="scenario" time="14.145" classname="integrationTests.cucumber.Runner"/>
  <testcase name="scenario" time="14.12" classname="integrationTests.cucumber.Runner"/>
  <testcase name="scenario" time="8.444" classname="integrationTests.cucumber.Runner"/>
  <testcase name="scenario" time="8.17" classname="integrationTests.cucumber.Runner"/>
  <testcase name="scenario" time="9.797" classname="integrationTests.cucumber.Runner"/>
  <testcase name="scenario" time="8.231" classname="integrationTests.cucumber.Runner"/>
  <testcase name="scenario" time="10.293" classname="integrationTests.cucumber.Runner"/>
  <testcase name="scenario" time="9.69" classname="integrationTests.cucumber.Runner"/>
  <testcase name="scenario" time="8.93" classname="integrationTests.cucumber.Runner"/>
  <testcase name="scenario" time="9.604" classname="integrationTests.cucumber.Runner"/>
  <testcase name="scenario" time="9.083" classname="integrationTests.cucumber.Runner"/>
  <testcase name="scenario" time="8.177" classname="integrationTests.cucumber.Runner"/>
  <testcase name="scenario" time="7.988" classname="integrationTests.cucumber.Runner"/>
  <testcase name="scenario" time="8.266" classname="integrationTests.cucumber.Runner"/>
  <testcase name="scenario" time="8.312" classname="integrationTests.cucumber.Runner"/>
  <testcase name="scenario" time="8.375" classname="integrationTests.cucumber.Runner"/>
  <testcase name="scenario" time="8.051" classname="integrationTests.cucumber.Runner"/>
  <testcase name="scenario" time="8.49" classname="integrationTests.cucumber.Runner"/>
  <testcase name="scenario" time="7.876" classname="integrationTests.cucumber.Runner"/>
  <testcase name="scenario" time="7.714" classname="integrationTests.cucumber.Runner"/>
  <testcase name="scenario" time="5.308" classname="integrationTests.cucumber.Runner"/>
  <testcase name="scenario" time="6.126" classname="integrationTests.cucumber.Runner"/>
  <testcase name="scenario" time="5.497" classname="integrationTests.cucumber.Runner"/>
  <testcase name="scenario" time="6.379" classname="integrationTests.cucumber.Runner"/>
  <testcase name="scenario" time="7.905" classname="integrationTests.cucumber.Runner"/>
  <testcase name="scenario" time="5.294" classname="integrationTests.cucumber.Runner"/>
  <testcase name="scenario" time="3.636" classname="integrationTests.cucumber.Runner"/>
</testsuite> <!-- windows firefox -->
