<?xml version="1.0" encoding="UTF-8"?>
<!-- Generated by org.testng.reporters.JUnitXMLReporter -->
<testsuite hostname="DESKTOP-KQS99BN" ignored="0" name="windows edge" tests="86" failures="0" timestamp="27 Jun 2018 15:01:58 GMT" time="1406.981" errors="0">
  <testcase name="scenario" time="4.584" classname="integrationTests.cucumber.Runner"/>
  <testcase name="scenario" time="23.692" classname="integrationTests.cucumber.Runner"/>
  <testcase name="scenario" time="19.437" classname="integrationTests.cucumber.Runner"/>
  <testcase name="scenario" time="20.123" classname="integrationTests.cucumber.Runner"/>
  <testcase name="scenario" time="21.023" classname="integrationTests.cucumber.Runner"/>
  <testcase name="scenario" time="18.496" classname="integrationTests.cucumber.Runner"/>
  <testcase name="scenario" time="19.393" classname="integrationTests.cucumber.Runner"/>
  <testcase name="scenario" time="17.944" classname="integrationTests.cucumber.Runner"/>
  <testcase name="scenario" time="16.751" classname="integrationTests.cucumber.Runner"/>
  <testcase name="scenario" time="21.985" classname="integrationTests.cucumber.Runner"/>
  <testcase name="scenario" time="21.679" classname="integrationTests.cucumber.Runner"/>
  <testcase name="scenario" time="22.749" classname="integrationTests.cucumber.Runner"/>
  <testcase name="scenario" time="18.959" classname="integrationTests.cucumber.Runner"/>
  <testcase name="scenario" time="20.809" classname="integrationTests.cucumber.Runner"/>
  <testcase name="scenario" time="22.845" classname="integrationTests.cucumber.Runner"/>
  <testcase name="scenario" time="20.544" classname="integrationTests.cucumber.Runner"/>
  <testcase name="scenario" time="16.8" classname="integrationTests.cucumber.Runner"/>
  <testcase name="scenario" time="15.826" classname="integrationTests.cucumber.Runner"/>
  <testcase name="scenario" time="18.865" classname="integrationTests.cucumber.Runner"/>
  <testcase name="scenario" time="18.046" classname="integrationTests.cucumber.Runner"/>
  <testcase name="scenario" time="18.055" classname="integrationTests.cucumber.Runner"/>
  <testcase name="scenario" time="7.317" classname="integrationTests.cucumber.Runner"/>
  <testcase name="scenario" time="27.361" classname="integrationTests.cucumber.Runner"/>
  <testcase name="scenario" time="26.984" classname="integrationTests.cucumber.Runner"/>
  <testcase name="scenario" time="27.604" classname="integrationTests.cucumber.Runner"/>
  <testcase name="scenario" time="24.373" classname="integrationTests.cucumber.Runner"/>
  <testcase name="scenario" time="22.909" classname="integrationTests.cucumber.Runner"/>
  <testcase name="scenario" time="22.98" classname="integrationTests.cucumber.Runner"/>
  <testcase name="scenario" time="21.772" classname="integrationTests.cucumber.Runner"/>
  <testcase name="scenario" time="15.198" classname="integrationTests.cucumber.Runner">
    <skipped/>
  </testcase> <!-- scenario -->
  <testcase name="scenario" time="28.601" classname="integrationTests.cucumber.Runner"/>
  <testcase name="scenario" time="30.076" classname="integrationTests.cucumber.Runner"/>
  <testcase name="scenario" time="27.138" classname="integrationTests.cucumber.Runner"/>
  <testcase name="scenario" time="24.303" classname="integrationTests.cucumber.Runner"/>
  <testcase name="scenario" time="22.909" classname="integrationTests.cucumber.Runner"/>
  <testcase name="scenario" time="21.041" classname="integrationTests.cucumber.Runner"/>
  <testcase name="scenario" time="64.955" classname="integrationTests.cucumber.Runner"/>
  <testcase name="scenario" time="64.421" classname="integrationTests.cucumber.Runner"/>
  <testcase name="scenario" time="54.668" classname="integrationTests.cucumber.Runner"/>
  <testcase name="scenario" time="6.298" classname="integrationTests.cucumber.Runner"/>
  <testcase name="scenario" time="6.334" classname="integrationTests.cucumber.Runner"/>
  <testcase name="scenario" time="6.884" classname="integrationTests.cucumber.Runner"/>
  <testcase name="scenario" time="8.217" classname="integrationTests.cucumber.Runner"/>
  <testcase name="scenario" time="8.43" classname="integrationTests.cucumber.Runner"/>
  <testcase name="scenario" time="9.24" classname="integrationTests.cucumber.Runner"/>
  <testcase name="scenario" time="7.736" classname="integrationTests.cucumber.Runner"/>
  <testcase name="scenario" time="8.496" classname="integrationTests.cucumber.Runner"/>
  <testcase name="scenario" time="15.94" classname="integrationTests.cucumber.Runner"/>
  <testcase name="scenario" time="13.709" classname="integrationTests.cucumber.Runner"/>
  <testcase name="scenario" time="12.323" classname="integrationTests.cucumber.Runner"/>
  <testcase name="scenario" time="14.371" classname="integrationTests.cucumber.Runner"/>
  <testcase name="scenario" time="13.492" classname="integrationTests.cucumber.Runner"/>
  <testcase name="scenario" time="13.896" classname="integrationTests.cucumber.Runner"/>
  <testcase name="scenario" time="15.799" classname="integrationTests.cucumber.Runner"/>
  <testcase name="scenario" time="13.299" classname="integrationTests.cucumber.Runner"/>
  <testcase name="scenario" time="15.049" classname="integrationTests.cucumber.Runner"/>
  <testcase name="scenario" time="14.617" classname="integrationTests.cucumber.Runner"/>
  <testcase name="scenario" time="15.309" classname="integrationTests.cucumber.Runner"/>
  <testcase name="scenario" time="13.487" classname="integrationTests.cucumber.Runner"/>
  <testcase name="scenario" time="13.513" classname="integrationTests.cucumber.Runner"/>
  <testcase name="scenario" time="12.625" classname="integrationTests.cucumber.Runner"/>
  <testcase name="scenario" time="10.709" classname="integrationTests.cucumber.Runner"/>
  <testcase name="scenario" time="10.108" classname="integrationTests.cucumber.Runner"/>
  <testcase name="scenario" time="9.326" classname="integrationTests.cucumber.Runner"/>
  <testcase name="scenario" time="10.69" classname="integrationTests.cucumber.Runner"/>
  <testcase name="scenario" time="8.787" classname="integrationTests.cucumber.Runner"/>
  <testcase name="scenario" time="10.06" classname="integrationTests.cucumber.Runner"/>
  <testcase name="scenario" time="8.825" classname="integrationTests.cucumber.Runner"/>
  <testcase name="scenario" time="10.787" classname="integrationTests.cucumber.Runner"/>
  <testcase name="scenario" time="9.04" classname="integrationTests.cucumber.Runner"/>
  <testcase name="scenario" time="8.368" classname="integrationTests.cucumber.Runner"/>
  <testcase name="scenario" time="7.851" classname="integrationTests.cucumber.Runner"/>
  <testcase name="scenario" time="8.145" classname="integrationTests.cucumber.Runner"/>
  <testcase name="scenario" time="7.745" classname="integrationTests.cucumber.Runner"/>
  <testcase name="scenario" time="8.768" classname="integrationTests.cucumber.Runner"/>
  <testcase name="scenario" time="7.648" classname="integrationTests.cucumber.Runner"/>
  <testcase name="scenario" time="7.442" classname="integrationTests.cucumber.Runner"/>
  <testcase name="scenario" time="6.686" classname="integrationTests.cucumber.Runner"/>
  <testcase name="scenario" time="6.274" classname="integrationTests.cucumber.Runner"/>
  <testcase name="scenario" time="7.034" classname="integrationTests.cucumber.Runner"/>
  <testcase name="scenario" time="6.561" classname="integrationTests.cucumber.Runner"/>
  <testcase name="scenario" time="8.129" classname="integrationTests.cucumber.Runner"/>
  <testcase name="scenario" time="7.185" classname="integrationTests.cucumber.Runner"/>
  <testcase name="scenario" time="6.754" classname="integrationTests.cucumber.Runner"/>
  <testcase name="scenario" time="6.63" classname="integrationTests.cucumber.Runner"/>
  <testcase name="scenario" time="3.937" classname="integrationTests.cucumber.Runner"/>
</testsuite> <!-- windows edge -->
